/usr/bin/assistant
/usr/bin/designer
/usr/bin/linguist
/usr/bin/lrelease
/usr/bin/lupdate
/usr/bin/moc
/usr/bin/qm2ts
/usr/bin/qmake
/usr/bin/qtconfig
/usr/bin/uic
/usr/doc/qt-x11/html/aboutqt.html
/usr/doc/qt-x11/html/abstract-connections.png
/usr/doc/qt-x11/html/abstractwidgets.html
/usr/doc/qt-x11/html/accelerators.html
/usr/doc/qt-x11/html/aclock-example.html
/usr/doc/qt-x11/html/addressbook-example.html
/usr/doc/qt-x11/html/advanced.html
/usr/doc/qt-x11/html/annotated.html
/usr/doc/qt-x11/html/appearance.html
/usr/doc/qt-x11/html/appicon.html
/usr/doc/qt-x11/html/application.html
/usr/doc/qt-x11/html/assistant-1.html
/usr/doc/qt-x11/html/assistant-2.html
/usr/doc/qt-x11/html/assistant-3.html
/usr/doc/qt-x11/html/assistant-4.html
/usr/doc/qt-x11/html/assistant-5.html
/usr/doc/qt-x11/html/assistant-6.html
/usr/doc/qt-x11/html/assistant.html
/usr/doc/qt-x11/html/assistant.xml
/usr/doc/qt-x11/html/basic.html
/usr/doc/qt-x11/html/bearings.png
/usr/doc/qt-x11/html/biff-example.html
/usr/doc/qt-x11/html/bigtable-example.html
/usr/doc/qt-x11/html/book-dialog.png
/usr/doc/qt-x11/html/book-main.png
/usr/doc/qt-x11/html/brush-styles.png
/usr/doc/qt-x11/html/bughowto.html
/usr/doc/qt-x11/html/buttongroups-example.html
/usr/doc/qt-x11/html/buttongroup-w.png
/usr/doc/qt-x11/html/buyhowto.html
/usr/doc/qt-x11/html/canvas-chart-example.html
/usr/doc/qt-x11/html/canvas-example.html
/usr/doc/qt-x11/html/canvas.html
/usr/doc/qt-x11/html/chart-canvastext-h.html
/usr/doc/qt-x11/html/chart-canvasview-cpp.html
/usr/doc/qt-x11/html/chart-canvasview-h.html
/usr/doc/qt-x11/html/chart-chartform_canvas-cpp.html
/usr/doc/qt-x11/html/chart-chartform-cpp.html
/usr/doc/qt-x11/html/chart-chartform_files-cpp.html
/usr/doc/qt-x11/html/chart-chartform-h.html
/usr/doc/qt-x11/html/chart-chart-pro.html
/usr/doc/qt-x11/html/chart-element-cpp.html
/usr/doc/qt-x11/html/chart-element-h.html
/usr/doc/qt-x11/html/chart-forms.png
/usr/doc/qt-x11/html/chart-main2.png
/usr/doc/qt-x11/html/chart-main-cpp.html
/usr/doc/qt-x11/html/chart-main.png
/usr/doc/qt-x11/html/chart-optionsform-cpp.html
/usr/doc/qt-x11/html/chart-optionsform-h.html
/usr/doc/qt-x11/html/chart-options.png
/usr/doc/qt-x11/html/chart-setdataform-cpp.html
/usr/doc/qt-x11/html/chart-setdataform-h.html
/usr/doc/qt-x11/html/chart-setdata.png
/usr/doc/qt-x11/html/checklists-example.html
/usr/doc/qt-x11/html/classchart.html
/usr/doc/qt-x11/html/classes.html
/usr/doc/qt-x11/html/clientserver-example.html
/usr/doc/qt-x11/html/collection.html
/usr/doc/qt-x11/html/commonproblems.html
/usr/doc/qt-x11/html/concrete-connections.png
/usr/doc/qt-x11/html/coordsys.html
/usr/doc/qt-x11/html/coordsys.png
/usr/doc/qt-x11/html/credits.html
/usr/doc/qt-x11/html/cursor-example.html
/usr/doc/qt-x11/html/cursors.png
/usr/doc/qt-x11/html/customlayout-example.html
/usr/doc/qt-x11/html/customlayout.html
/usr/doc/qt-x11/html/customstyles.html
/usr/doc/qt-x11/html/database-connections.png
/usr/doc/qt-x11/html/database.html
/usr/doc/qt-x11/html/datastreamformat.html
/usr/doc/qt-x11/html/datetimewidgets.png
/usr/doc/qt-x11/html/dclock-example.html
/usr/doc/qt-x11/html/debug.html
/usr/doc/qt-x11/html/demo-example.html
/usr/doc/qt-x11/html/dependencies.png
/usr/doc/qt-x11/html/designer1.jpg
/usr/doc/qt-x11/html/designer2.jpg
/usr/doc/qt-x11/html/designer3.jpg
/usr/doc/qt-x11/html/designer-manual-10.html
/usr/doc/qt-x11/html/designer-manual-11.html
/usr/doc/qt-x11/html/designer-manual-12.html
/usr/doc/qt-x11/html/designer-manual-13.html
/usr/doc/qt-x11/html/designer-manual-14.html
/usr/doc/qt-x11/html/designer-manual-15.html
/usr/doc/qt-x11/html/designer-manual-16.html
/usr/doc/qt-x11/html/designer-manual-1.html
/usr/doc/qt-x11/html/designer-manual-2.html
/usr/doc/qt-x11/html/designer-manual-3.html
/usr/doc/qt-x11/html/designer-manual-4.html
/usr/doc/qt-x11/html/designer-manual-5.html
/usr/doc/qt-x11/html/designer-manual-6.html
/usr/doc/qt-x11/html/designer-manual-7.html
/usr/doc/qt-x11/html/designer-manual-8.html
/usr/doc/qt-x11/html/designer-manual-9.html
/usr/doc/qt-x11/html/designer-manual.html
/usr/doc/qt-x11/html/designer.xml
/usr/doc/qt-x11/html/desktop-example.html
/usr/doc/qt-x11/html/dialog1addwidg.png
/usr/doc/qt-x11/html/dialog1layout1.png
/usr/doc/qt-x11/html/dialog1layout2.png
/usr/doc/qt-x11/html/dialog1selewidg1.png
/usr/doc/qt-x11/html/dialog1selewidg.png
/usr/doc/qt-x11/html/dialog1tab.png
/usr/doc/qt-x11/html/dialog2laywidg.png
/usr/doc/qt-x11/html/dialog2sample.png
/usr/doc/qt-x11/html/dialog2setwidg.png
/usr/doc/qt-x11/html/dialog3buttons.png
/usr/doc/qt-x11/html/dialog3clipgrp.png
/usr/doc/qt-x11/html/dialog3grpbox.png
/usr/doc/qt-x11/html/dialog3layclip.png
/usr/doc/qt-x11/html/dialog3layout.png
/usr/doc/qt-x11/html/dialog3sample.png
/usr/doc/qt-x11/html/dialogs.html
/usr/doc/qt-x11/html/dirview-example.html
/usr/doc/qt-x11/html/distributingqt.html
/usr/doc/qt-x11/html/dnd.html
/usr/doc/qt-x11/html/doneandnext.png
/usr/doc/qt-x11/html/draganddrop.html
/usr/doc/qt-x11/html/dragdrop-example.html
/usr/doc/qt-x11/html/drawdemo-example.html
/usr/doc/qt-x11/html/drawlines-example.html
/usr/doc/qt-x11/html/editcopy.png
/usr/doc/qt-x11/html/editcut.png
/usr/doc/qt-x11/html/edit-dbtable-dialog.png
/usr/doc/qt-x11/html/editfind.png
/usr/doc/qt-x11/html/editions.html
/usr/doc/qt-x11/html/editpaste.png
/usr/doc/qt-x11/html/editredo.png
/usr/doc/qt-x11/html/editundo.png
/usr/doc/qt-x11/html/emb-accel.html
/usr/doc/qt-x11/html/emb-charinput.html
/usr/doc/qt-x11/html/emb-classes.html
/usr/doc/qt-x11/html/embedporting.html
/usr/doc/qt-x11/html/emb-envvars.html
/usr/doc/qt-x11/html/emb-features.html
/usr/doc/qt-x11/html/emb-fonts.html
/usr/doc/qt-x11/html/emb-framebuffer-howto.html
/usr/doc/qt-x11/html/emb-install.html
/usr/doc/qt-x11/html/emb-performance.html
/usr/doc/qt-x11/html/emb-pointer.html
/usr/doc/qt-x11/html/emb-porting.html
/usr/doc/qt-x11/html/emb-qvfb.html
/usr/doc/qt-x11/html/emb-running.html
/usr/doc/qt-x11/html/emb-vnc.html
/usr/doc/qt-x11/html/environment.html
/usr/doc/qt-x11/html/eventsandfilters.html
/usr/doc/qt-x11/html/events.html
/usr/doc/qt-x11/html/examples.html
/usr/doc/qt-x11/html/extension-dialog-example.html
/usr/doc/qt-x11/html/filechooser.png
/usr/doc/qt-x11/html/fileiconview-example.html
/usr/doc/qt-x11/html/fileopen.png
/usr/doc/qt-x11/html/fileprint.png
/usr/doc/qt-x11/html/filesave.png
/usr/doc/qt-x11/html/finddialog.png
/usr/doc/qt-x11/html/focus.html
/usr/doc/qt-x11/html/forever-example.html
/usr/doc/qt-x11/html/frames.png
/usr/doc/qt-x11/html/ftpclient-example.html
/usr/doc/qt-x11/html/functions.html
/usr/doc/qt-x11/html/geomanagement.html
/usr/doc/qt-x11/html/geometry.html
/usr/doc/qt-x11/html/geometry.png
/usr/doc/qt-x11/html/gpl.html
/usr/doc/qt-x11/html/grapher-nsplugin-example.html
/usr/doc/qt-x11/html/graph.g1n
/usr/doc/qt-x11/html/graphics.html
/usr/doc/qt-x11/html/gridlayout.png
/usr/doc/qt-x11/html/groupbox-w.png
/usr/doc/qt-x11/html/groups.html
/usr/doc/qt-x11/html/guibooks.html
/usr/doc/qt-x11/html/headerfilesynonyms
/usr/doc/qt-x11/html/headers.html
/usr/doc/qt-x11/html/hello-example.html
/usr/doc/qt-x11/html/helpsystem.html
/usr/doc/qt-x11/html/helpviewer-example.html
/usr/doc/qt-x11/html/hierarchy.html
/usr/doc/qt-x11/html/how-to-learn-qt.html
/usr/doc/qt-x11/html/httpd-example.html
/usr/doc/qt-x11/html/i18n-example.html
/usr/doc/qt-x11/html/i18n.html
/usr/doc/qt-x11/html/iconset.png
/usr/doc/qt-x11/html/iconview-example.html
/usr/doc/qt-x11/html/iconview.html
/usr/doc/qt-x11/html/iconview-simple_dd-main-cpp.html
/usr/doc/qt-x11/html/iconview-simple_dd-main-h.html
/usr/doc/qt-x11/html/images.html
/usr/doc/qt-x11/html/index
/usr/doc/qt-x11/html/index.html
/usr/doc/qt-x11/html/inputdialogs.png
/usr/doc/qt-x11/html/installation.html
/usr/doc/qt-x11/html/install-win.html
/usr/doc/qt-x11/html/install-x11.html
/usr/doc/qt-x11/html/io.html
/usr/doc/qt-x11/html/keyfeatures30.html
/usr/doc/qt-x11/html/layout1.png
/usr/doc/qt-x11/html/layout2.png
/usr/doc/qt-x11/html/layout-example.html
/usr/doc/qt-x11/html/layout.html
/usr/doc/qt-x11/html/license.html
/usr/doc/qt-x11/html/licenses.html
/usr/doc/qt-x11/html/life-example.html
/usr/doc/qt-x11/html/lineedits-example.html
/usr/doc/qt-x11/html/linguist-manual-1.html
/usr/doc/qt-x11/html/linguist-manual-2.html
/usr/doc/qt-x11/html/linguist-manual-3.html
/usr/doc/qt-x11/html/linguist-manual-4.html
/usr/doc/qt-x11/html/linguist-manual.html
/usr/doc/qt-x11/html/linguist.png
/usr/doc/qt-x11/html/linguist.xml
/usr/doc/qt-x11/html/listboxcombo-example.html
/usr/doc/qt-x11/html/listbox-example.html
/usr/doc/qt-x11/html/listviews-example.html
/usr/doc/qt-x11/html/logo32.png
/usr/doc/qt-x11/html/mac-differences.html
/usr/doc/qt-x11/html/mail-example.html
/usr/doc/qt-x11/html/mailinglists.html
/usr/doc/qt-x11/html/mainclasses.html
/usr/doc/qt-x11/html/mainwindow-w.png
/usr/doc/qt-x11/html/makeqpf.html
/usr/doc/qt-x11/html/mdi-example.html
/usr/doc/qt-x11/html/menubar.png
/usr/doc/qt-x11/html/menu-example.html
/usr/doc/qt-x11/html/metaobjects.html
/usr/doc/qt-x11/html/misc.html
/usr/doc/qt-x11/html/moc.html
/usr/doc/qt-x11/html/modules.html
/usr/doc/qt-x11/html/movies-example.html
/usr/doc/qt-x11/html/multimedia.html
/usr/doc/qt-x11/html/mw-actiongroup.png
/usr/doc/qt-x11/html/mw-addmainwidg.png
/usr/doc/qt-x11/html/mw-addmenuitem.png
/usr/doc/qt-x11/html/mw-coloriconv.png
/usr/doc/qt-x11/html/mw-colortable.png
/usr/doc/qt-x11/html/mw-colortool1.png
/usr/doc/qt-x11/html/mw-colortool2.png
/usr/doc/qt-x11/html/mw-conn1.png
/usr/doc/qt-x11/html/mw-conn2.png
/usr/doc/qt-x11/html/mw-conn3.png
/usr/doc/qt-x11/html/mw-conn4.png
/usr/doc/qt-x11/html/mw-dragaction.png
/usr/doc/qt-x11/html/mw-editforw.png
/usr/doc/qt-x11/html/mw-editfunc.png
/usr/doc/qt-x11/html/mw-editincimp.png
/usr/doc/qt-x11/html/mw-editvar.png
/usr/doc/qt-x11/html/mw-laycoloriconv.png
/usr/doc/qt-x11/html/mw-laycolortable.png
/usr/doc/qt-x11/html/mw-laymainwidg.png
/usr/doc/qt-x11/html/mw-menuwiz.png
/usr/doc/qt-x11/html/mw-newfile.png
/usr/doc/qt-x11/html/mw-objexplor.png
/usr/doc/qt-x11/html/mw-previewform.png
/usr/doc/qt-x11/html/mw-projset.png
/usr/doc/qt-x11/html/mw-propedit.png
/usr/doc/qt-x11/html/mw-settoolwiz.png
/usr/doc/qt-x11/html/mw-startdesign.png
/usr/doc/qt-x11/html/mw-toolbarpits.png
/usr/doc/qt-x11/html/netscape-plugin.html
/usr/doc/qt-x11/html/network-examples.html
/usr/doc/qt-x11/html/network.html
/usr/doc/qt-x11/html/networkprotocol-example.html
/usr/doc/qt-x11/html/next.png
/usr/doc/qt-x11/html/nextunfinished.png
/usr/doc/qt-x11/html/nsplugin-examples.html
/usr/doc/qt-x11/html/object.html
/usr/doc/qt-x11/html/objectmodel.html
/usr/doc/qt-x11/html/objecttrees.html
/usr/doc/qt-x11/html/opengl-box-example.html
/usr/doc/qt-x11/html/opengl-examples.html
/usr/doc/qt-x11/html/opengl-gear-example.html
/usr/doc/qt-x11/html/opengl.html
/usr/doc/qt-x11/html/opengl-overlay-example.html
/usr/doc/qt-x11/html/opengl-overlay-x11-example.html
/usr/doc/qt-x11/html/opengl-pixmap-example.html
/usr/doc/qt-x11/html/opengl-sharedbox-example.html
/usr/doc/qt-x11/html/opengl-texture-example.html
/usr/doc/qt-x11/html/opengl-x11-overlays.html
/usr/doc/qt-x11/html/organizers.html
/usr/doc/qt-x11/html/outliner-example.html
/usr/doc/qt-x11/html/overviews-list.html
/usr/doc/qt-x11/html/palette.png
/usr/doc/qt-x11/html/pen-cap-styles.png
/usr/doc/qt-x11/html/pen-join-styles.png
/usr/doc/qt-x11/html/pen-styles.png
/usr/doc/qt-x11/html/penstyles.png
/usr/doc/qt-x11/html/phrasebookdialog.png
/usr/doc/qt-x11/html/phrasebookopen.png
/usr/doc/qt-x11/html/picture-example.html
/usr/doc/qt-x11/html/pictures.html
/usr/doc/qt-x11/html/plugins-howto.html
/usr/doc/qt-x11/html/plugins.html
/usr/doc/qt-x11/html/popup-example.html
/usr/doc/qt-x11/html/porting2.html
/usr/doc/qt-x11/html/porting.html
/usr/doc/qt-x11/html/prev.png
/usr/doc/qt-x11/html/prevunfinished.png
/usr/doc/qt-x11/html/primes.html
/usr/doc/qt-x11/html/process-example.html
/usr/doc/qt-x11/html/progressbar-example.html
/usr/doc/qt-x11/html/progress-example.html
/usr/doc/qt-x11/html/properties.html
/usr/doc/qt-x11/html/propertydocs
/usr/doc/qt-x11/html/propertyindex
/usr/doc/qt-x11/html/qaccel-h.html
/usr/doc/qt-x11/html/qaccel.html
/usr/doc/qt-x11/html/qaccel-members.html
/usr/doc/qt-x11/html/qaccessible-h.html
/usr/doc/qt-x11/html/qaccessible.html
/usr/doc/qt-x11/html/qaccessibleinterface.html
/usr/doc/qt-x11/html/qaccessibleinterface-members.html
/usr/doc/qt-x11/html/qaccessible-members.html
/usr/doc/qt-x11/html/qaccessibleobject.html
/usr/doc/qt-x11/html/qaccessibleobject-members.html
/usr/doc/qt-x11/html/qaction-application-example.html
/usr/doc/qt-x11/html/qaction-examples.html
/usr/doc/qt-x11/html/qactiongroup.html
/usr/doc/qt-x11/html/qactiongroup-members.html
/usr/doc/qt-x11/html/qactiongroup_menu.png
/usr/doc/qt-x11/html/qactiongroup_menu_subwidget.png
/usr/doc/qt-x11/html/qactiongroup_toolbar_exclusive_subwidget.png
/usr/doc/qt-x11/html/qactiongroup_toolbar_nonexclusive_subwidget.png
/usr/doc/qt-x11/html/qactiongroup_toolbar.png
/usr/doc/qt-x11/html/qaction-h.html
/usr/doc/qt-x11/html/qaction.html
/usr/doc/qt-x11/html/qaction-members.html
/usr/doc/qt-x11/html/qapplication-h.html
/usr/doc/qt-x11/html/qapplication.html
/usr/doc/qt-x11/html/qapplication-members.html
/usr/doc/qt-x11/html/qarray.html
/usr/doc/qt-x11/html/qasciicache-h.html
/usr/doc/qt-x11/html/qasciicache.html
/usr/doc/qt-x11/html/qasciicacheiterator.html
/usr/doc/qt-x11/html/qasciicacheiterator-members.html
/usr/doc/qt-x11/html/qasciicache-members.html
/usr/doc/qt-x11/html/qasciidict-h.html
/usr/doc/qt-x11/html/qasciidict.html
/usr/doc/qt-x11/html/qasciidictiterator.html
/usr/doc/qt-x11/html/qasciidictiterator-members.html
/usr/doc/qt-x11/html/qasciidict-members.html
/usr/doc/qt-x11/html/qassistantclient-h.html
/usr/doc/qt-x11/html/qassistantclient.html
/usr/doc/qt-x11/html/qassistantclient-members.html
/usr/doc/qt-x11/html/qasyncimageio-h.html
/usr/doc/qt-x11/html/qasyncio-h.html
/usr/doc/qt-x11/html/qasyncio.html
/usr/doc/qt-x11/html/qasyncio-members.html
/usr/doc/qt-x11/html/qbig5codec-h.html
/usr/doc/qt-x11/html/qbig5codec.html
/usr/doc/qt-x11/html/qbig5codec-members.html
/usr/doc/qt-x11/html/qbig5hkscscodec.html
/usr/doc/qt-x11/html/qbig5hkscscodec-members.html
/usr/doc/qt-x11/html/qbitarray-h.html
/usr/doc/qt-x11/html/qbitarray.html
/usr/doc/qt-x11/html/qbitarray-members.html
/usr/doc/qt-x11/html/qbitmap-h.html
/usr/doc/qt-x11/html/qbitmap.html
/usr/doc/qt-x11/html/qbitmap-members.html
/usr/doc/qt-x11/html/qbitval.html
/usr/doc/qt-x11/html/qbitval-members.html
/usr/doc/qt-x11/html/qboxlayout.html
/usr/doc/qt-x11/html/qboxlayout-members.html
/usr/doc/qt-x11/html/qbrush-h.html
/usr/doc/qt-x11/html/qbrush.html
/usr/doc/qt-x11/html/qbrush-members.html
/usr/doc/qt-x11/html/qbttngrp-m.png
/usr/doc/qt-x11/html/qbttngrp-w.png
/usr/doc/qt-x11/html/qbuffer-h.html
/usr/doc/qt-x11/html/qbuffer.html
/usr/doc/qt-x11/html/qbuffer-members.html
/usr/doc/qt-x11/html/qbuttongroup-h.html
/usr/doc/qt-x11/html/qbuttongroup-h.png
/usr/doc/qt-x11/html/qbuttongroup.html
/usr/doc/qt-x11/html/qbuttongroup-members.html
/usr/doc/qt-x11/html/qbuttongroup-v.png
/usr/doc/qt-x11/html/qbutton-h.html
/usr/doc/qt-x11/html/qbutton.html
/usr/doc/qt-x11/html/qbutton-members.html
/usr/doc/qt-x11/html/qbytearray.html
/usr/doc/qt-x11/html/qbytearray-members.html
/usr/doc/qt-x11/html/qcache-h.html
/usr/doc/qt-x11/html/qcache.html
/usr/doc/qt-x11/html/qcacheiterator.html
/usr/doc/qt-x11/html/qcacheiterator-members.html
/usr/doc/qt-x11/html/qcache-members.html
/usr/doc/qt-x11/html/qcanvasellipse.html
/usr/doc/qt-x11/html/qcanvasellipse-members.html
/usr/doc/qt-x11/html/qcanvasellipse.png
/usr/doc/qt-x11/html/qcanvas-h.html
/usr/doc/qt-x11/html/qcanvas.html
/usr/doc/qt-x11/html/qcanvasitem.html
/usr/doc/qt-x11/html/qcanvasitemlist.html
/usr/doc/qt-x11/html/qcanvasitemlist-members.html
/usr/doc/qt-x11/html/qcanvasitem-members.html
/usr/doc/qt-x11/html/qcanvasline.html
/usr/doc/qt-x11/html/qcanvasline-members.html
/usr/doc/qt-x11/html/qcanvas-members.html
/usr/doc/qt-x11/html/qcanvaspixmaparray.html
/usr/doc/qt-x11/html/qcanvaspixmaparray-members.html
/usr/doc/qt-x11/html/qcanvaspixmap.html
/usr/doc/qt-x11/html/qcanvaspixmap-members.html
/usr/doc/qt-x11/html/qcanvas.png
/usr/doc/qt-x11/html/qcanvaspolygonalitem.html
/usr/doc/qt-x11/html/qcanvaspolygonalitem-members.html
/usr/doc/qt-x11/html/qcanvaspolygon.html
/usr/doc/qt-x11/html/qcanvaspolygon-members.html
/usr/doc/qt-x11/html/qcanvasrectangle.html
/usr/doc/qt-x11/html/qcanvasrectangle-members.html
/usr/doc/qt-x11/html/qcanvasspline.html
/usr/doc/qt-x11/html/qcanvasspline-members.html
/usr/doc/qt-x11/html/qcanvassprite.html
/usr/doc/qt-x11/html/qcanvassprite-members.html
/usr/doc/qt-x11/html/qcanvastext.html
/usr/doc/qt-x11/html/qcanvastext-members.html
/usr/doc/qt-x11/html/qcanvasview.html
/usr/doc/qt-x11/html/qcanvasview-members.html
/usr/doc/qt-x11/html/qcdestyle-h.html
/usr/doc/qt-x11/html/qcdestyle.html
/usr/doc/qt-x11/html/qcdestyle-members.html
/usr/doc/qt-x11/html/qchar.html
/usr/doc/qt-x11/html/qchar-members.html
/usr/doc/qt-x11/html/qcharref.html
/usr/doc/qt-x11/html/qcharref-members.html
/usr/doc/qt-x11/html/qcheckbox-h.html
/usr/doc/qt-x11/html/qcheckbox.html
/usr/doc/qt-x11/html/qcheckbox-members.html
/usr/doc/qt-x11/html/qchecklistitem.html
/usr/doc/qt-x11/html/qchecklistitem-members.html
/usr/doc/qt-x11/html/qchecktableitem.html
/usr/doc/qt-x11/html/qchecktableitem-members.html
/usr/doc/qt-x11/html/qchildevent.html
/usr/doc/qt-x11/html/qchildevent-members.html
/usr/doc/qt-x11/html/qchkbox-m.png
/usr/doc/qt-x11/html/qchkbox-w.png
/usr/doc/qt-x11/html/qclipboard-h.html
/usr/doc/qt-x11/html/qclipboard.html
/usr/doc/qt-x11/html/qclipboard-members.html
/usr/doc/qt-x11/html/qcloseevent.html
/usr/doc/qt-x11/html/qcloseevent-members.html
/usr/doc/qt-x11/html/qcollection.html
/usr/doc/qt-x11/html/qcolordialog-h.html
/usr/doc/qt-x11/html/qcolordialog.html
/usr/doc/qt-x11/html/qcolordialog-members.html
/usr/doc/qt-x11/html/qcolordlg-w.png
/usr/doc/qt-x11/html/qcolordrag.html
/usr/doc/qt-x11/html/qcolordrag-members.html
/usr/doc/qt-x11/html/qcolorgroup.html
/usr/doc/qt-x11/html/qcolorgroup-members.html
/usr/doc/qt-x11/html/qcolor-h.html
/usr/doc/qt-x11/html/qcolor.html
/usr/doc/qt-x11/html/qcolor-members.html
/usr/doc/qt-x11/html/qcombo1-m.png
/usr/doc/qt-x11/html/qcombo1-w.png
/usr/doc/qt-x11/html/qcombo2-m.png
/usr/doc/qt-x11/html/qcombo3-m.png
/usr/doc/qt-x11/html/qcombobox-h.html
/usr/doc/qt-x11/html/qcombobox.html
/usr/doc/qt-x11/html/qcombobox-members.html
/usr/doc/qt-x11/html/qcombotableitem.html
/usr/doc/qt-x11/html/qcombotableitem-members.html
/usr/doc/qt-x11/html/qcommonstyle-h.html
/usr/doc/qt-x11/html/qcommonstyle.html
/usr/doc/qt-x11/html/qcommonstyle-members.html
/usr/doc/qt-x11/html/qconststring.html
/usr/doc/qt-x11/html/qconststring-members.html
/usr/doc/qt-x11/html/qcontextmenuevent.html
/usr/doc/qt-x11/html/qcontextmenuevent-members.html
/usr/doc/qt-x11/html/qcopchannel.html
/usr/doc/qt-x11/html/qcopchannel-members.html
/usr/doc/qt-x11/html/qcopchannel_qws-h.html
/usr/doc/qt-x11/html/qcstring-h.html
/usr/doc/qt-x11/html/qcstring.html
/usr/doc/qt-x11/html/qcstring-members.html
/usr/doc/qt-x11/html/qcursor-h.html
/usr/doc/qt-x11/html/qcursor.html
/usr/doc/qt-x11/html/qcursor-members.html
/usr/doc/qt-x11/html/qcustomevent.html
/usr/doc/qt-x11/html/qcustomevent-members.html
/usr/doc/qt-x11/html/qcustommenuitem.html
/usr/doc/qt-x11/html/qcustommenuitem-members.html
/usr/doc/qt-x11/html/qdatabrowser-h.html
/usr/doc/qt-x11/html/qdatabrowser.html
/usr/doc/qt-x11/html/qdatabrowser-members.html
/usr/doc/qt-x11/html/qdatapump.html
/usr/doc/qt-x11/html/qdatapump-members.html
/usr/doc/qt-x11/html/qdatasink.html
/usr/doc/qt-x11/html/qdatasink-members.html
/usr/doc/qt-x11/html/qdatasource.html
/usr/doc/qt-x11/html/qdatasource-members.html
/usr/doc/qt-x11/html/qdatastream-h.html
/usr/doc/qt-x11/html/qdatastream.html
/usr/doc/qt-x11/html/qdatastream-members.html
/usr/doc/qt-x11/html/qdatatable-h.html
/usr/doc/qt-x11/html/qdatatable.html
/usr/doc/qt-x11/html/qdatatable-members.html
/usr/doc/qt-x11/html/qdataview-h.html
/usr/doc/qt-x11/html/qdataview.html
/usr/doc/qt-x11/html/qdataview-members.html
/usr/doc/qt-x11/html/qdateedit.html
/usr/doc/qt-x11/html/qdateedit-members.html
/usr/doc/qt-x11/html/qdate.html
/usr/doc/qt-x11/html/qdate-members.html
/usr/doc/qt-x11/html/qdatetimeedit-h.html
/usr/doc/qt-x11/html/qdatetimeedit.html
/usr/doc/qt-x11/html/qdatetimeedit-members.html
/usr/doc/qt-x11/html/qdatetime-h.html
/usr/doc/qt-x11/html/qdatetime.html
/usr/doc/qt-x11/html/qdatetime-members.html
/usr/doc/qt-x11/html/qd-colortool-name.png
/usr/doc/qt-x11/html/qd-databrowserwzdpage2.png
/usr/doc/qt-x11/html/qd-databrowserwzdpage3.png
/usr/doc/qt-x11/html/qd-databrowserwzdpage4.png
/usr/doc/qt-x11/html/qd-databrowserwzdpage5.png
/usr/doc/qt-x11/html/qd-databrowserwzdpage6.png
/usr/doc/qt-x11/html/qd-databrowserwzd.png
/usr/doc/qt-x11/html/qd-datatablewzdpage2.png
/usr/doc/qt-x11/html/qd-datatablewzdpage3.png
/usr/doc/qt-x11/html/qd-datatablewzdpage4.png
/usr/doc/qt-x11/html/qd-datatablewzdpage5.png
/usr/doc/qt-x11/html/qd-datatablewzd.png
/usr/doc/qt-x11/html/qd-dataviewwzdpage2.png
/usr/doc/qt-x11/html/qd-dataviewwzdpage3.png
/usr/doc/qt-x11/html/qd-dataviewwzdpage4.png
/usr/doc/qt-x11/html/qd-dataviewwzd.png
/usr/doc/qt-x11/html/qdeepcopy-h.html
/usr/doc/qt-x11/html/qdeepcopy.html
/usr/doc/qt-x11/html/qdeepcopy-members.html
/usr/doc/qt-x11/html/qdesktopwidget-h.html
/usr/doc/qt-x11/html/qdesktopwidget.html
/usr/doc/qt-x11/html/qdesktopwidget-members.html
/usr/doc/qt-x11/html/qdesktopwidget.png
/usr/doc/qt-x11/html/qd-helptoolbuttons3.png
/usr/doc/qt-x11/html/qdial-h.html
/usr/doc/qt-x11/html/qdial.html
/usr/doc/qt-x11/html/qdial-members.html
/usr/doc/qt-x11/html/qdial-m.png
/usr/doc/qt-x11/html/qdialog-h.html
/usr/doc/qt-x11/html/qdialog.html
/usr/doc/qt-x11/html/qdialog-members.html
/usr/doc/qt-x11/html/qdial-w.png
/usr/doc/qt-x11/html/qdict-h.html
/usr/doc/qt-x11/html/qdict.html
/usr/doc/qt-x11/html/qdictiterator.html
/usr/doc/qt-x11/html/qdictiterator-members.html
/usr/doc/qt-x11/html/qdict-members.html
/usr/doc/qt-x11/html/qdirectpainter.html
/usr/doc/qt-x11/html/qdirectpainter-members.html
/usr/doc/qt-x11/html/qdirectpainter_qws-h.html
/usr/doc/qt-x11/html/qdir-example.html
/usr/doc/qt-x11/html/qdir-h.html
/usr/doc/qt-x11/html/qdir.html
/usr/doc/qt-x11/html/qdir-members.html
/usr/doc/qt-x11/html/qd-mainwinwzdpage2.png
/usr/doc/qt-x11/html/qd-mainwinwzd.png
/usr/doc/qt-x11/html/qdns-h.html
/usr/doc/qt-x11/html/qdns.html
/usr/doc/qt-x11/html/qdns-members.html
/usr/doc/qt-x11/html/qdockarea-h.html
/usr/doc/qt-x11/html/qdockarea.html
/usr/doc/qt-x11/html/qdockarea-members.html
/usr/doc/qt-x11/html/qdockwindow-h.html
/usr/doc/qt-x11/html/qdockwindow.html
/usr/doc/qt-x11/html/qdockwindow-members.html
/usr/doc/qt-x11/html/qdockwindow.png
/usr/doc/qt-x11/html/qdomattr.html
/usr/doc/qt-x11/html/qdomattr-members.html
/usr/doc/qt-x11/html/qdomcdatasection.html
/usr/doc/qt-x11/html/qdomcdatasection-members.html
/usr/doc/qt-x11/html/qdomcharacterdata.html
/usr/doc/qt-x11/html/qdomcharacterdata-members.html
/usr/doc/qt-x11/html/qdomcomment.html
/usr/doc/qt-x11/html/qdomcomment-members.html
/usr/doc/qt-x11/html/qdomdocumentfragment.html
/usr/doc/qt-x11/html/qdomdocumentfragment-members.html
/usr/doc/qt-x11/html/qdomdocument.html
/usr/doc/qt-x11/html/qdomdocument-members.html
/usr/doc/qt-x11/html/qdomdocumenttype.html
/usr/doc/qt-x11/html/qdomdocumenttype-members.html
/usr/doc/qt-x11/html/qdomelement.html
/usr/doc/qt-x11/html/qdomelement-members.html
/usr/doc/qt-x11/html/qdomentity.html
/usr/doc/qt-x11/html/qdomentity-members.html
/usr/doc/qt-x11/html/qdomentityreference.html
/usr/doc/qt-x11/html/qdomentityreference-members.html
/usr/doc/qt-x11/html/qdom-h.html
/usr/doc/qt-x11/html/qdomimplementation.html
/usr/doc/qt-x11/html/qdomimplementation-members.html
/usr/doc/qt-x11/html/qdomnamednodemap.html
/usr/doc/qt-x11/html/qdomnamednodemap-members.html
/usr/doc/qt-x11/html/qdomnode.html
/usr/doc/qt-x11/html/qdomnodelist.html
/usr/doc/qt-x11/html/qdomnodelist-members.html
/usr/doc/qt-x11/html/qdomnode-members.html
/usr/doc/qt-x11/html/qdomnotation.html
/usr/doc/qt-x11/html/qdomnotation-members.html
/usr/doc/qt-x11/html/qdomprocessinginstruction.html
/usr/doc/qt-x11/html/qdomprocessinginstruction-members.html
/usr/doc/qt-x11/html/qdomtext.html
/usr/doc/qt-x11/html/qdomtext-members.html
/usr/doc/qt-x11/html/qdoublevalidator.html
/usr/doc/qt-x11/html/qdoublevalidator-members.html
/usr/doc/qt-x11/html/qd-preface.png
/usr/doc/qt-x11/html/qdragenterevent.html
/usr/doc/qt-x11/html/qdragenterevent-members.html
/usr/doc/qt-x11/html/qdragleaveevent.html
/usr/doc/qt-x11/html/qdragleaveevent-members.html
/usr/doc/qt-x11/html/qdragmoveevent.html
/usr/doc/qt-x11/html/qdragmoveevent-members.html
/usr/doc/qt-x11/html/qdragobject-h.html
/usr/doc/qt-x11/html/qdragobject.html
/usr/doc/qt-x11/html/qdragobject-members.html
/usr/doc/qt-x11/html/qdrawutil-h.html
/usr/doc/qt-x11/html/qdropevent.html
/usr/doc/qt-x11/html/qdropevent-members.html
/usr/doc/qt-x11/html/qdropsite-h.html
/usr/doc/qt-x11/html/qdropsite.html
/usr/doc/qt-x11/html/qdropsite-members.html
/usr/doc/qt-x11/html/qeditorfactory-h.html
/usr/doc/qt-x11/html/qeditorfactory.html
/usr/doc/qt-x11/html/qeditorfactory-members.html
/usr/doc/qt-x11/html/qembed.html
/usr/doc/qt-x11/html/qerrormessage-h.html
/usr/doc/qt-x11/html/qerrormessage.html
/usr/doc/qt-x11/html/qerrormessage-members.html
/usr/doc/qt-x11/html/qerrormessage.png
/usr/doc/qt-x11/html/qeucjpcodec-h.html
/usr/doc/qt-x11/html/qeucjpcodec.html
/usr/doc/qt-x11/html/qeucjpcodec-members.html
/usr/doc/qt-x11/html/qeuckrcodec-h.html
/usr/doc/qt-x11/html/qeuckrcodec.html
/usr/doc/qt-x11/html/qeuckrcodec-members.html
/usr/doc/qt-x11/html/qevent-h.html
/usr/doc/qt-x11/html/qevent.html
/usr/doc/qt-x11/html/qeventloop-h.html
/usr/doc/qt-x11/html/qeventloop.html
/usr/doc/qt-x11/html/qeventloop-members.html
/usr/doc/qt-x11/html/qevent-members.html
/usr/doc/qt-x11/html/qfd-example.html
/usr/doc/qt-x11/html/qfiledialog-h.html
/usr/doc/qt-x11/html/qfiledialog.html
/usr/doc/qt-x11/html/qfiledialog-members.html
/usr/doc/qt-x11/html/qfiledlg-m.png
/usr/doc/qt-x11/html/qfiledlg-w.png
/usr/doc/qt-x11/html/qfile-h.html
/usr/doc/qt-x11/html/qfile.html
/usr/doc/qt-x11/html/qfileiconprovider.html
/usr/doc/qt-x11/html/qfileiconprovider-members.html
/usr/doc/qt-x11/html/qfileinfo-h.html
/usr/doc/qt-x11/html/qfileinfo.html
/usr/doc/qt-x11/html/qfileinfo-members.html
/usr/doc/qt-x11/html/qfile-members.html
/usr/doc/qt-x11/html/qfilepreview.html
/usr/doc/qt-x11/html/qfilepreview-members.html
/usr/doc/qt-x11/html/qfocusdata-h.html
/usr/doc/qt-x11/html/qfocusdata.html
/usr/doc/qt-x11/html/qfocusdata-members.html
/usr/doc/qt-x11/html/qfocusevent.html
/usr/doc/qt-x11/html/qfocusevent-members.html
/usr/doc/qt-x11/html/qfontdatabase-h.html
/usr/doc/qt-x11/html/qfontdatabase.html
/usr/doc/qt-x11/html/qfontdatabase-members.html
/usr/doc/qt-x11/html/qfontdialog-h.html
/usr/doc/qt-x11/html/qfontdialog.html
/usr/doc/qt-x11/html/qfontdialog-members.html
/usr/doc/qt-x11/html/qfontdlg-w.png
/usr/doc/qt-x11/html/qfont-examples.html
/usr/doc/qt-x11/html/qfont-h.html
/usr/doc/qt-x11/html/qfont.html
/usr/doc/qt-x11/html/qfontinfo-h.html
/usr/doc/qt-x11/html/qfontinfo.html
/usr/doc/qt-x11/html/qfontinfo-members.html
/usr/doc/qt-x11/html/qfontmanager.html
/usr/doc/qt-x11/html/qfontmanager-members.html
/usr/doc/qt-x11/html/qfontmanager_qws-h.html
/usr/doc/qt-x11/html/qfont-members.html
/usr/doc/qt-x11/html/qfontmetrics-h.html
/usr/doc/qt-x11/html/qfontmetrics.html
/usr/doc/qt-x11/html/qfontmetrics-members.html
/usr/doc/qt-x11/html/qframe-h.html
/usr/doc/qt-x11/html/qframe.html
/usr/doc/qt-x11/html/qframe-members.html
/usr/doc/qt-x11/html/qftp-h.html
/usr/doc/qt-x11/html/qftp.html
/usr/doc/qt-x11/html/qftp-members.html
/usr/doc/qt-x11/html/qgb18030codec-h.html
/usr/doc/qt-x11/html/qgb18030codec.html
/usr/doc/qt-x11/html/qgb18030codec-members.html
/usr/doc/qt-x11/html/qgb2312codec.html
/usr/doc/qt-x11/html/qgb2312codec-members.html
/usr/doc/qt-x11/html/qgbkcodec.html
/usr/doc/qt-x11/html/qgbkcodec-members.html
/usr/doc/qt-x11/html/qgfxdriverfactory.html
/usr/doc/qt-x11/html/qgfxdriverfactory-members.html
/usr/doc/qt-x11/html/qgfxdriverfactory_qws-h.html
/usr/doc/qt-x11/html/qgfxdriverplugin.html
/usr/doc/qt-x11/html/qgfxdriverplugin-members.html
/usr/doc/qt-x11/html/qgfxdriverplugin_qws-h.html
/usr/doc/qt-x11/html/qgfx_qws-h.html
/usr/doc/qt-x11/html/qglayoutiterator.html
/usr/doc/qt-x11/html/qglayoutiterator-members.html
/usr/doc/qt-x11/html/qglcolormap-h.html
/usr/doc/qt-x11/html/qglcolormap.html
/usr/doc/qt-x11/html/qglcolormap-members.html
/usr/doc/qt-x11/html/qglcontext.html
/usr/doc/qt-x11/html/qglcontext-members.html
/usr/doc/qt-x11/html/qglformat.html
/usr/doc/qt-x11/html/qglformat-members.html
/usr/doc/qt-x11/html/qgl-h.html
/usr/doc/qt-x11/html/qgl.html
/usr/doc/qt-x11/html/qgl-members.html
/usr/doc/qt-x11/html/qglobal-h.html
/usr/doc/qt-x11/html/qglwidget.html
/usr/doc/qt-x11/html/qglwidget-members.html
/usr/doc/qt-x11/html/qgrid-h.html
/usr/doc/qt-x11/html/qgrid.html
/usr/doc/qt-x11/html/qgridlayout.html
/usr/doc/qt-x11/html/qgridlayout-members.html
/usr/doc/qt-x11/html/qgrid-members.html
/usr/doc/qt-x11/html/qgrid-m.png
/usr/doc/qt-x11/html/qgridview-h.html
/usr/doc/qt-x11/html/qgridview.html
/usr/doc/qt-x11/html/qgridview-members.html
/usr/doc/qt-x11/html/qgroupboxes.png
/usr/doc/qt-x11/html/qgroupbox-h.html
/usr/doc/qt-x11/html/qgroupbox.html
/usr/doc/qt-x11/html/qgroupbox-members.html
/usr/doc/qt-x11/html/qgrpbox-w.png
/usr/doc/qt-x11/html/qguardedptr-h.html
/usr/doc/qt-x11/html/qguardedptr.html
/usr/doc/qt-x11/html/qguardedptr-members.html
/usr/doc/qt-x11/html/qhbox-h.html
/usr/doc/qt-x11/html/qhbox.html
/usr/doc/qt-x11/html/qhboxlayout.html
/usr/doc/qt-x11/html/qhboxlayout-members.html
/usr/doc/qt-x11/html/qhboxlayout.png
/usr/doc/qt-x11/html/qhbox-members.html
/usr/doc/qt-x11/html/qhbox-m.png
/usr/doc/qt-x11/html/qhbuttongroup-h.html
/usr/doc/qt-x11/html/qhbuttongroup.html
/usr/doc/qt-x11/html/qhbuttongroup-members.html
/usr/doc/qt-x11/html/qheader-h.html
/usr/doc/qt-x11/html/qheader.html
/usr/doc/qt-x11/html/qheader-members.html
/usr/doc/qt-x11/html/qheader-m.png
/usr/doc/qt-x11/html/qheader-w.png
/usr/doc/qt-x11/html/qhebrewcodec.html
/usr/doc/qt-x11/html/qhebrewcodec-members.html
/usr/doc/qt-x11/html/qhgroupbox-h.html
/usr/doc/qt-x11/html/qhgroupbox.html
/usr/doc/qt-x11/html/qhgroupbox-members.html
/usr/doc/qt-x11/html/qhideevent.html
/usr/doc/qt-x11/html/qhideevent-members.html
/usr/doc/qt-x11/html/qhostaddress-h.html
/usr/doc/qt-x11/html/qhostaddress.html
/usr/doc/qt-x11/html/qhostaddress-members.html
/usr/doc/qt-x11/html/qhttpheader.html
/usr/doc/qt-x11/html/qhttpheader-members.html
/usr/doc/qt-x11/html/qhttp-h.html
/usr/doc/qt-x11/html/qhttp.html
/usr/doc/qt-x11/html/qhttp-members.html
/usr/doc/qt-x11/html/qhttprequestheader.html
/usr/doc/qt-x11/html/qhttprequestheader-members.html
/usr/doc/qt-x11/html/qhttpresponseheader.html
/usr/doc/qt-x11/html/qhttpresponseheader-members.html
/usr/doc/qt-x11/html/qicondrag.html
/usr/doc/qt-x11/html/qicondragitem.html
/usr/doc/qt-x11/html/qicondragitem-members.html
/usr/doc/qt-x11/html/qicondrag-members.html
/usr/doc/qt-x11/html/qiconfactory.html
/usr/doc/qt-x11/html/qiconfactory-members.html
/usr/doc/qt-x11/html/qiconset-h.html
/usr/doc/qt-x11/html/qiconset.html
/usr/doc/qt-x11/html/qiconset-members.html
/usr/doc/qt-x11/html/qiconview-h.html
/usr/doc/qt-x11/html/qiconview.html
/usr/doc/qt-x11/html/qiconviewitem.html
/usr/doc/qt-x11/html/qiconviewitem-members.html
/usr/doc/qt-x11/html/qiconview-members.html
/usr/doc/qt-x11/html/qiconview-m.png
/usr/doc/qt-x11/html/qiconview-w.png
/usr/doc/qt-x11/html/qimageconsumer.html
/usr/doc/qt-x11/html/qimageconsumer-members.html
/usr/doc/qt-x11/html/qimagedecoder.html
/usr/doc/qt-x11/html/qimagedecoder-members.html
/usr/doc/qt-x11/html/qimagedrag.html
/usr/doc/qt-x11/html/qimagedrag-members.html
/usr/doc/qt-x11/html/qimageformat.html
/usr/doc/qt-x11/html/qimageformat-members.html
/usr/doc/qt-x11/html/qimageformatplugin-h.html
/usr/doc/qt-x11/html/qimageformatplugin.html
/usr/doc/qt-x11/html/qimageformatplugin-members.html
/usr/doc/qt-x11/html/qimageformattype.html
/usr/doc/qt-x11/html/qimageformattype-members.html
/usr/doc/qt-x11/html/qimage-h.html
/usr/doc/qt-x11/html/qimage.html
/usr/doc/qt-x11/html/qimageio.html
/usr/doc/qt-x11/html/qimageio-members.html
/usr/doc/qt-x11/html/qimage-members.html
/usr/doc/qt-x11/html/qimevent.html
/usr/doc/qt-x11/html/qimevent-members.html
/usr/doc/qt-x11/html/qinputdialog-h.html
/usr/doc/qt-x11/html/qinputdialog.html
/usr/doc/qt-x11/html/qinputdialog-members.html
/usr/doc/qt-x11/html/qintcache-h.html
/usr/doc/qt-x11/html/qintcache.html
/usr/doc/qt-x11/html/qintcacheiterator.html
/usr/doc/qt-x11/html/qintcacheiterator-members.html
/usr/doc/qt-x11/html/qintcache-members.html
/usr/doc/qt-x11/html/qintdict-h.html
/usr/doc/qt-x11/html/qintdict.html
/usr/doc/qt-x11/html/qintdictiterator.html
/usr/doc/qt-x11/html/qintdictiterator-members.html
/usr/doc/qt-x11/html/qintdict-members.html
/usr/doc/qt-x11/html/qintvalidator.html
/usr/doc/qt-x11/html/qintvalidator-members.html
/usr/doc/qt-x11/html/qiodevice-h.html
/usr/doc/qt-x11/html/qiodevice.html
/usr/doc/qt-x11/html/qiodevice-members.html
/usr/doc/qt-x11/html/qiodevicesource.html
/usr/doc/qt-x11/html/qiodevicesource-members.html
/usr/doc/qt-x11/html/qjiscodec-h.html
/usr/doc/qt-x11/html/qjiscodec.html
/usr/doc/qt-x11/html/qjiscodec-members.html
/usr/doc/qt-x11/html/qkbddriverfactory.html
/usr/doc/qt-x11/html/qkbddriverfactory-members.html
/usr/doc/qt-x11/html/qkbddriverfactory_qws-h.html
/usr/doc/qt-x11/html/qkbddriverplugin.html
/usr/doc/qt-x11/html/qkbddriverplugin-members.html
/usr/doc/qt-x11/html/qkbddriverplugin_qws-h.html
/usr/doc/qt-x11/html/qkeyboard_qws-h.html
/usr/doc/qt-x11/html/qkeyevent.html
/usr/doc/qt-x11/html/qkeyevent-members.html
/usr/doc/qt-x11/html/qkeysequence-h.html
/usr/doc/qt-x11/html/qkeysequence.html
/usr/doc/qt-x11/html/qkeysequence-members.html
/usr/doc/qt-x11/html/qlabel-h.html
/usr/doc/qt-x11/html/qlabel.html
/usr/doc/qt-x11/html/qlabel-members.html
/usr/doc/qt-x11/html/qlabel-m.png
/usr/doc/qt-x11/html/qlabel-w.png
/usr/doc/qt-x11/html/qlayout-h.html
/usr/doc/qt-x11/html/qlayout.html
/usr/doc/qt-x11/html/qlayoutitem.html
/usr/doc/qt-x11/html/qlayoutitem-members.html
/usr/doc/qt-x11/html/qlayoutiterator.html
/usr/doc/qt-x11/html/qlayoutiterator-members.html
/usr/doc/qt-x11/html/qlayout-members.html
/usr/doc/qt-x11/html/qlcdnumber-h.html
/usr/doc/qt-x11/html/qlcdnumber.html
/usr/doc/qt-x11/html/qlcdnumber-members.html
/usr/doc/qt-x11/html/qlcdnum-m.png
/usr/doc/qt-x11/html/qlcdnum-w.png
/usr/doc/qt-x11/html/qlibrary-h.html
/usr/doc/qt-x11/html/qlibrary.html
/usr/doc/qt-x11/html/qlibrary-members.html
/usr/doc/qt-x11/html/qlined-m.png
/usr/doc/qt-x11/html/qlined-w.png
/usr/doc/qt-x11/html/qlineedit-h.html
/usr/doc/qt-x11/html/qlineedit.html
/usr/doc/qt-x11/html/qlineedit-members.html
/usr/doc/qt-x11/html/qlistbox-h.html
/usr/doc/qt-x11/html/qlistbox.html
/usr/doc/qt-x11/html/qlistboxitem.html
/usr/doc/qt-x11/html/qlistboxitem-members.html
/usr/doc/qt-x11/html/qlistbox-members.html
/usr/doc/qt-x11/html/qlistbox-m.png
/usr/doc/qt-x11/html/qlistboxpixmap.html
/usr/doc/qt-x11/html/qlistboxpixmap-members.html
/usr/doc/qt-x11/html/qlistboxtext.html
/usr/doc/qt-x11/html/qlistboxtext-members.html
/usr/doc/qt-x11/html/qlistbox-w.png
/usr/doc/qt-x11/html/qlist.html
/usr/doc/qt-x11/html/qlistiterator.html
/usr/doc/qt-x11/html/qlistview-h.html
/usr/doc/qt-x11/html/qlistview.html
/usr/doc/qt-x11/html/qlistviewitem.html
/usr/doc/qt-x11/html/qlistviewitemiterator.html
/usr/doc/qt-x11/html/qlistviewitemiterator-members.html
/usr/doc/qt-x11/html/qlistviewitem-members.html
/usr/doc/qt-x11/html/qlistviewitems.png
/usr/doc/qt-x11/html/qlistview-members.html
/usr/doc/qt-x11/html/qlistview-m.png
/usr/doc/qt-x11/html/qlistview-w.png
/usr/doc/qt-x11/html/qlocalfs-h.html
/usr/doc/qt-x11/html/qlocalfs.html
/usr/doc/qt-x11/html/qlocalfs-members.html
/usr/doc/qt-x11/html/qmacstyle.html
/usr/doc/qt-x11/html/qmacstyle_mac-h.html
/usr/doc/qt-x11/html/qmacstyle-members.html
/usr/doc/qt-x11/html/qmag-example.html
/usr/doc/qt-x11/html/qmainwindow-h.html
/usr/doc/qt-x11/html/qmainwindow.html
/usr/doc/qt-x11/html/qmainwindow-members.html
/usr/doc/qt-x11/html/qmainwindow-m.png
/usr/doc/qt-x11/html/qmainwindow-qdockareas.png
/usr/doc/qt-x11/html/qmainwindow-w.png
/usr/doc/qt-x11/html/qmake-manual-1.html
/usr/doc/qt-x11/html/qmake-manual-2.html
/usr/doc/qt-x11/html/qmake-manual-3.html
/usr/doc/qt-x11/html/qmake-manual-4.html
/usr/doc/qt-x11/html/qmake-manual-5.html
/usr/doc/qt-x11/html/qmake-manual-6.html
/usr/doc/qt-x11/html/qmake-manual-7.html
/usr/doc/qt-x11/html/qmake-manual.html
/usr/doc/qt-x11/html/qmake.xml
/usr/doc/qt-x11/html/qmapconstiterator.html
/usr/doc/qt-x11/html/qmapconstiterator-members.html
/usr/doc/qt-x11/html/qmap-h.html
/usr/doc/qt-x11/html/qmap.html
/usr/doc/qt-x11/html/qmapiterator.html
/usr/doc/qt-x11/html/qmapiterator-members.html
/usr/doc/qt-x11/html/qmap-members.html
/usr/doc/qt-x11/html/qmemarray-h.html
/usr/doc/qt-x11/html/qmemarray.html
/usr/doc/qt-x11/html/qmemarray-members.html
/usr/doc/qt-x11/html/qmenubar-h.html
/usr/doc/qt-x11/html/qmenubar.html
/usr/doc/qt-x11/html/qmenubar-members.html
/usr/doc/qt-x11/html/qmenubar-m.png
/usr/doc/qt-x11/html/qmenubar-w.png
/usr/doc/qt-x11/html/qmenudata-h.html
/usr/doc/qt-x11/html/qmenudata.html
/usr/doc/qt-x11/html/qmenudata-members.html
/usr/doc/qt-x11/html/qmessagebox-crit.png
/usr/doc/qt-x11/html/qmessagebox-h.html
/usr/doc/qt-x11/html/qmessagebox.html
/usr/doc/qt-x11/html/qmessagebox-info.png
/usr/doc/qt-x11/html/qmessagebox-members.html
/usr/doc/qt-x11/html/qmessagebox-warn.png
/usr/doc/qt-x11/html/qmetaobject-h.html
/usr/doc/qt-x11/html/qmetaobject.html
/usr/doc/qt-x11/html/qmetaobject-members.html
/usr/doc/qt-x11/html/qmetaproperty.html
/usr/doc/qt-x11/html/qmetaproperty-members.html
/usr/doc/qt-x11/html/qmime-h.html
/usr/doc/qt-x11/html/qmimesourcefactory.html
/usr/doc/qt-x11/html/qmimesourcefactory-members.html
/usr/doc/qt-x11/html/qmimesource.html
/usr/doc/qt-x11/html/qmimesource-members.html
/usr/doc/qt-x11/html/qmlined-m.png
/usr/doc/qt-x11/html/qmlined-w.png
/usr/doc/qt-x11/html/qmotifplusstyle-h.html
/usr/doc/qt-x11/html/qmotifplusstyle.html
/usr/doc/qt-x11/html/qmotifplusstyle-members.html
/usr/doc/qt-x11/html/qmotifstyle-h.html
/usr/doc/qt-x11/html/qmotifstyle.html
/usr/doc/qt-x11/html/qmotifstyle-members.html
/usr/doc/qt-x11/html/qmousedriverfactory.html
/usr/doc/qt-x11/html/qmousedriverfactory-members.html
/usr/doc/qt-x11/html/qmousedriverfactory_qws-h.html
/usr/doc/qt-x11/html/qmousedriverplugin.html
/usr/doc/qt-x11/html/qmousedriverplugin-members.html
/usr/doc/qt-x11/html/qmousedriverplugin_qws-h.html
/usr/doc/qt-x11/html/qmouseevent.html
/usr/doc/qt-x11/html/qmouseevent-members.html
/usr/doc/qt-x11/html/qmouse_qws-h.html
/usr/doc/qt-x11/html/qmoveevent.html
/usr/doc/qt-x11/html/qmoveevent-members.html
/usr/doc/qt-x11/html/qmovie-h.html
/usr/doc/qt-x11/html/qmovie.html
/usr/doc/qt-x11/html/qmovie-members.html
/usr/doc/qt-x11/html/qmovie.png
/usr/doc/qt-x11/html/qmsgbox-m.png
/usr/doc/qt-x11/html/qmsgbox-w.png
/usr/doc/qt-x11/html/qmultilineedit-h.html
/usr/doc/qt-x11/html/qmultilineedit.html
/usr/doc/qt-x11/html/qmultilineedit-members.html
/usr/doc/qt-x11/html/qmutex-h.html
/usr/doc/qt-x11/html/qmutex.html
/usr/doc/qt-x11/html/qmutexlocker.html
/usr/doc/qt-x11/html/qmutexlocker-members.html
/usr/doc/qt-x11/html/qmutex-members.html
/usr/doc/qt-x11/html/qnamespace-h.html
/usr/doc/qt-x11/html/qnetwork-h.html
/usr/doc/qt-x11/html/qnetworkoperation.html
/usr/doc/qt-x11/html/qnetworkoperation-members.html
/usr/doc/qt-x11/html/qnetworkprotocol-h.html
/usr/doc/qt-x11/html/qnetworkprotocol.html
/usr/doc/qt-x11/html/qnetworkprotocol-members.html
/usr/doc/qt-x11/html/qnp-h.html
/usr/doc/qt-x11/html/qnpinstance.html
/usr/doc/qt-x11/html/qnpinstance-members.html
/usr/doc/qt-x11/html/qnplugin.html
/usr/doc/qt-x11/html/qnplugin-members.html
/usr/doc/qt-x11/html/qnpstream.html
/usr/doc/qt-x11/html/qnpstream-members.html
/usr/doc/qt-x11/html/qnpwidget.html
/usr/doc/qt-x11/html/qnpwidget-members.html
/usr/doc/qt-x11/html/qobjectcleanuphandler-h.html
/usr/doc/qt-x11/html/qobjectcleanuphandler.html
/usr/doc/qt-x11/html/qobjectcleanuphandler-members.html
/usr/doc/qt-x11/html/qobject-h.html
/usr/doc/qt-x11/html/qobject.html
/usr/doc/qt-x11/html/qobjectlist-h.html
/usr/doc/qt-x11/html/qobjectlist.html
/usr/doc/qt-x11/html/qobjectlist-members.html
/usr/doc/qt-x11/html/qobject-members.html
/usr/doc/qt-x11/html/qpaintdevice-h.html
/usr/doc/qt-x11/html/qpaintdevice.html
/usr/doc/qt-x11/html/qpaintdevice-members.html
/usr/doc/qt-x11/html/qpaintdevicemetrics-h.html
/usr/doc/qt-x11/html/qpaintdevicemetrics.html
/usr/doc/qt-x11/html/qpaintdevicemetrics-members.html
/usr/doc/qt-x11/html/qpainter-h.html
/usr/doc/qt-x11/html/qpainter.html
/usr/doc/qt-x11/html/qpainter-members.html
/usr/doc/qt-x11/html/qpaintevent.html
/usr/doc/qt-x11/html/qpaintevent-members.html
/usr/doc/qt-x11/html/qpair-h.html
/usr/doc/qt-x11/html/qpair.html
/usr/doc/qt-x11/html/qpair-members.html
/usr/doc/qt-x11/html/qpalette-h.html
/usr/doc/qt-x11/html/qpalette.html
/usr/doc/qt-x11/html/qpalette-members.html
/usr/doc/qt-x11/html/qpen-h.html
/usr/doc/qt-x11/html/qpen.html
/usr/doc/qt-x11/html/qpen-members.html
/usr/doc/qt-x11/html/qpicture-h.html
/usr/doc/qt-x11/html/qpicture.html
/usr/doc/qt-x11/html/qpicture-members.html
/usr/doc/qt-x11/html/qpixmapcache-h.html
/usr/doc/qt-x11/html/qpixmapcache.html
/usr/doc/qt-x11/html/qpixmapcache-members.html
/usr/doc/qt-x11/html/qpixmap-h.html
/usr/doc/qt-x11/html/qpixmap.html
/usr/doc/qt-x11/html/qpixmap-members.html
/usr/doc/qt-x11/html/qplatinumstyle-h.html
/usr/doc/qt-x11/html/qplatinumstyle.html
/usr/doc/qt-x11/html/qplatinumstyle-members.html
/usr/doc/qt-x11/html/qpngimagepacker.html
/usr/doc/qt-x11/html/qpngimagepacker-members.html
/usr/doc/qt-x11/html/qpngio-h.html
/usr/doc/qt-x11/html/qpointarray-h.html
/usr/doc/qt-x11/html/qpointarray.html
/usr/doc/qt-x11/html/qpointarray-members.html
/usr/doc/qt-x11/html/qpoint-h.html
/usr/doc/qt-x11/html/qpoint.html
/usr/doc/qt-x11/html/qpoint-members.html
/usr/doc/qt-x11/html/qpopmenu-fancy.png
/usr/doc/qt-x11/html/qpopmenu-m.png
/usr/doc/qt-x11/html/qpopmenu-w.png
/usr/doc/qt-x11/html/qpopupmenu-h.html
/usr/doc/qt-x11/html/qpopupmenu.html
/usr/doc/qt-x11/html/qpopupmenu-members.html
/usr/doc/qt-x11/html/qprintdlg-m.png
/usr/doc/qt-x11/html/qprinter-h.html
/usr/doc/qt-x11/html/qprinter.html
/usr/doc/qt-x11/html/qprinter-members.html
/usr/doc/qt-x11/html/qprocess-examples.html
/usr/doc/qt-x11/html/qprocess-h.html
/usr/doc/qt-x11/html/qprocess.html
/usr/doc/qt-x11/html/qprocess-members.html
/usr/doc/qt-x11/html/qprogbar-m.png
/usr/doc/qt-x11/html/qprogbar-w.png
/usr/doc/qt-x11/html/qprogdlg-m.png
/usr/doc/qt-x11/html/qprogdlg-w.png
/usr/doc/qt-x11/html/qprogressbar-h.html
/usr/doc/qt-x11/html/qprogressbar.html
/usr/doc/qt-x11/html/qprogressbar-members.html
/usr/doc/qt-x11/html/qprogressdialog-h.html
/usr/doc/qt-x11/html/qprogressdialog.html
/usr/doc/qt-x11/html/qprogressdialog-members.html
/usr/doc/qt-x11/html/qptrcollection-h.html
/usr/doc/qt-x11/html/qptrcollection.html
/usr/doc/qt-x11/html/qptrcollection-members.html
/usr/doc/qt-x11/html/qptrdict-h.html
/usr/doc/qt-x11/html/qptrdict.html
/usr/doc/qt-x11/html/qptrdictiterator.html
/usr/doc/qt-x11/html/qptrdictiterator-members.html
/usr/doc/qt-x11/html/qptrdict-members.html
/usr/doc/qt-x11/html/qptrlist-h.html
/usr/doc/qt-x11/html/qptrlist.html
/usr/doc/qt-x11/html/qptrlistiterator.html
/usr/doc/qt-x11/html/qptrlistiterator-members.html
/usr/doc/qt-x11/html/qptrlist-members.html
/usr/doc/qt-x11/html/qptrqueue-h.html
/usr/doc/qt-x11/html/qptrqueue.html
/usr/doc/qt-x11/html/qptrqueue-members.html
/usr/doc/qt-x11/html/qptrstack-h.html
/usr/doc/qt-x11/html/qptrstack.html
/usr/doc/qt-x11/html/qptrstack-members.html
/usr/doc/qt-x11/html/qptrvector-h.html
/usr/doc/qt-x11/html/qptrvector.html
/usr/doc/qt-x11/html/qptrvector-members.html
/usr/doc/qt-x11/html/qpushbt-m.png
/usr/doc/qt-x11/html/qpushbt-w.png
/usr/doc/qt-x11/html/qpushbutton-h.html
/usr/doc/qt-x11/html/qpushbutton.html
/usr/doc/qt-x11/html/qpushbutton-members.html
/usr/doc/qt-x11/html/qqueue.html
/usr/doc/qt-x11/html/qradiobt-m.png
/usr/doc/qt-x11/html/qradiobt-w.png
/usr/doc/qt-x11/html/qradiobutton-h.html
/usr/doc/qt-x11/html/qradiobutton.html
/usr/doc/qt-x11/html/qradiobutton-members.html
/usr/doc/qt-x11/html/qrangecontrol-h.html
/usr/doc/qt-x11/html/qrangecontrol.html
/usr/doc/qt-x11/html/qrangecontrol-members.html
/usr/doc/qt-x11/html/qrect-h.html
/usr/doc/qt-x11/html/qrect.html
/usr/doc/qt-x11/html/qrect-members.html
/usr/doc/qt-x11/html/qregexp-h.html
/usr/doc/qt-x11/html/qregexp.html
/usr/doc/qt-x11/html/qregexp-members.html
/usr/doc/qt-x11/html/qregexpvalidator.html
/usr/doc/qt-x11/html/qregexpvalidator-members.html
/usr/doc/qt-x11/html/qregion-h.html
/usr/doc/qt-x11/html/qregion.html
/usr/doc/qt-x11/html/qregion-members.html
/usr/doc/qt-x11/html/qresizeevent.html
/usr/doc/qt-x11/html/qresizeevent-members.html
/usr/doc/qt-x11/html/qrtlcodec-h.html
/usr/doc/qt-x11/html/qs-addwidg.png
/usr/doc/qt-x11/html/qscrbar-m.png
/usr/doc/qt-x11/html/qscrbar-w.png
/usr/doc/qt-x11/html/qscreen.html
/usr/doc/qt-x11/html/qscreen-members.html
/usr/doc/qt-x11/html/qscrollbar-h.html
/usr/doc/qt-x11/html/qscrollbar.html
/usr/doc/qt-x11/html/qscrollbar-members.html
/usr/doc/qt-x11/html/qscrollview-cl.png
/usr/doc/qt-x11/html/qscrollview-h.html
/usr/doc/qt-x11/html/qscrollview.html
/usr/doc/qt-x11/html/qscrollview-members.html
/usr/doc/qt-x11/html/qscrollview-m.png
/usr/doc/qt-x11/html/qscrollview-vp2.png
/usr/doc/qt-x11/html/qscrollview-vp.png
/usr/doc/qt-x11/html/qscrollview-w.png
/usr/doc/qt-x11/html/qs-editconn1.png
/usr/doc/qt-x11/html/qs-editconn2.png
/usr/doc/qt-x11/html/qs-editfunc.png
/usr/doc/qt-x11/html/qs-editlistbox1.png
/usr/doc/qt-x11/html/qsemaphore-h.html
/usr/doc/qt-x11/html/qsemaphore.html
/usr/doc/qt-x11/html/qsemaphore-members.html
/usr/doc/qt-x11/html/qserversocket-h.html
/usr/doc/qt-x11/html/qserversocket.html
/usr/doc/qt-x11/html/qserversocket-members.html
/usr/doc/qt-x11/html/qsessionmanager-h.html
/usr/doc/qt-x11/html/qsessionmanager.html
/usr/doc/qt-x11/html/qsessionmanager-members.html
/usr/doc/qt-x11/html/qsettings-h.html
/usr/doc/qt-x11/html/qsettings.html
/usr/doc/qt-x11/html/qsettings-members.html
/usr/doc/qt-x11/html/qsgistyle-h.html
/usr/doc/qt-x11/html/qsgistyle.html
/usr/doc/qt-x11/html/qsgistyle-members.html
/usr/doc/qt-x11/html/qshowevent.html
/usr/doc/qt-x11/html/qshowevent-members.html
/usr/doc/qt-x11/html/qsignal-h.html
/usr/doc/qt-x11/html/qsignal.html
/usr/doc/qt-x11/html/qsignalmapper-h.html
/usr/doc/qt-x11/html/qsignalmapper.html
/usr/doc/qt-x11/html/qsignalmapper-members.html
/usr/doc/qt-x11/html/qsignal-members.html
/usr/doc/qt-x11/html/qsimplerichtext-h.html
/usr/doc/qt-x11/html/qsimplerichtext.html
/usr/doc/qt-x11/html/qsimplerichtext-members.html
/usr/doc/qt-x11/html/qsizegrip-h.html
/usr/doc/qt-x11/html/qsizegrip.html
/usr/doc/qt-x11/html/qsizegrip-members.html
/usr/doc/qt-x11/html/qsizegrip-m.png
/usr/doc/qt-x11/html/qsizegrip-w.png
/usr/doc/qt-x11/html/qsize-h.html
/usr/doc/qt-x11/html/qsize.html
/usr/doc/qt-x11/html/qsize-members.html
/usr/doc/qt-x11/html/qsizepolicy-h.html
/usr/doc/qt-x11/html/qsizepolicy.html
/usr/doc/qt-x11/html/qsizepolicy-members.html
/usr/doc/qt-x11/html/qsjiscodec-h.html
/usr/doc/qt-x11/html/qsjiscodec.html
/usr/doc/qt-x11/html/qsjiscodec-members.html
/usr/doc/qt-x11/html/qs-laygrid.png
/usr/doc/qt-x11/html/qs-layhoriz.png
/usr/doc/qt-x11/html/qs-layvert.png
/usr/doc/qt-x11/html/qslider-h.html
/usr/doc/qt-x11/html/qslider.html
/usr/doc/qt-x11/html/qslider-members.html
/usr/doc/qt-x11/html/qslider-m.png
/usr/doc/qt-x11/html/qslider-w.png
/usr/doc/qt-x11/html/qsmetric.png
/usr/doc/qt-x11/html/qs-newdlg.png
/usr/doc/qt-x11/html/qsocketdevice-h.html
/usr/doc/qt-x11/html/qsocketdevice.html
/usr/doc/qt-x11/html/qsocketdevice-members.html
/usr/doc/qt-x11/html/qsocket-h.html
/usr/doc/qt-x11/html/qsocket.html
/usr/doc/qt-x11/html/qsocket-members.html
/usr/doc/qt-x11/html/qsocketnotifier-h.html
/usr/doc/qt-x11/html/qsocketnotifier.html
/usr/doc/qt-x11/html/qsocketnotifier-members.html
/usr/doc/qt-x11/html/qsortedlist-h.html
/usr/doc/qt-x11/html/qsortedlist.html
/usr/doc/qt-x11/html/qsortedlist-members.html
/usr/doc/qt-x11/html/qsound-h.html
/usr/doc/qt-x11/html/qsound.html
/usr/doc/qt-x11/html/qsound-members.html
/usr/doc/qt-x11/html/qspaceritem.html
/usr/doc/qt-x11/html/qspaceritem-members.html
/usr/doc/qt-x11/html/qspinbox-h.html
/usr/doc/qt-x11/html/qspinbox.html
/usr/doc/qt-x11/html/qspinbox-members.html
/usr/doc/qt-x11/html/qspinbox-m.png
/usr/doc/qt-x11/html/qspinbox-w.png
/usr/doc/qt-x11/html/qsplitter-h.html
/usr/doc/qt-x11/html/qsplitter.html
/usr/doc/qt-x11/html/qsplitter-members.html
/usr/doc/qt-x11/html/qsplitter-m.png
/usr/doc/qt-x11/html/qsplitter-w.png
/usr/doc/qt-x11/html/qs-projset.png
/usr/doc/qt-x11/html/qs-pushbutt.png
/usr/doc/qt-x11/html/qsqlcursor-h.html
/usr/doc/qt-x11/html/qsqlcursor.html
/usr/doc/qt-x11/html/qsqlcursor-members.html
/usr/doc/qt-x11/html/qsqldatabase-h.html
/usr/doc/qt-x11/html/qsqldatabase.html
/usr/doc/qt-x11/html/qsqldatabase-members.html
/usr/doc/qt-x11/html/qsqldriver-h.html
/usr/doc/qt-x11/html/qsqldriver.html
/usr/doc/qt-x11/html/qsqldriver-members.html
/usr/doc/qt-x11/html/qsqldriverplugin-h.html
/usr/doc/qt-x11/html/qsqldriverplugin.html
/usr/doc/qt-x11/html/qsqldriverplugin-members.html
/usr/doc/qt-x11/html/qsqleditorfactory-h.html
/usr/doc/qt-x11/html/qsqleditorfactory.html
/usr/doc/qt-x11/html/qsqleditorfactory-members.html
/usr/doc/qt-x11/html/qsqlerror-h.html
/usr/doc/qt-x11/html/qsqlerror.html
/usr/doc/qt-x11/html/qsqlerror-members.html
/usr/doc/qt-x11/html/qsqlfield-h.html
/usr/doc/qt-x11/html/qsqlfield.html
/usr/doc/qt-x11/html/qsqlfieldinfo.html
/usr/doc/qt-x11/html/qsqlfieldinfo-members.html
/usr/doc/qt-x11/html/qsqlfield-members.html
/usr/doc/qt-x11/html/qsqlform-h.html
/usr/doc/qt-x11/html/qsqlform.html
/usr/doc/qt-x11/html/qsqlform-members.html
/usr/doc/qt-x11/html/qsql-h.html
/usr/doc/qt-x11/html/qsql.html
/usr/doc/qt-x11/html/qsqlindex-h.html
/usr/doc/qt-x11/html/qsqlindex.html
/usr/doc/qt-x11/html/qsqlindex-members.html
/usr/doc/qt-x11/html/qsql-members.html
/usr/doc/qt-x11/html/qsqlpropertymap-h.html
/usr/doc/qt-x11/html/qsqlpropertymap.html
/usr/doc/qt-x11/html/qsqlpropertymap-members.html
/usr/doc/qt-x11/html/qsqlquery-h.html
/usr/doc/qt-x11/html/qsqlquery.html
/usr/doc/qt-x11/html/qsqlquery-members.html
/usr/doc/qt-x11/html/qsqlrecord-h.html
/usr/doc/qt-x11/html/qsqlrecord.html
/usr/doc/qt-x11/html/qsqlrecordinfo.html
/usr/doc/qt-x11/html/qsqlrecordinfo-members.html
/usr/doc/qt-x11/html/qsqlrecord-members.html
/usr/doc/qt-x11/html/qsqlresult-h.html
/usr/doc/qt-x11/html/qsqlresult.html
/usr/doc/qt-x11/html/qsqlresult-members.html
/usr/doc/qt-x11/html/qs-spacers.png
/usr/doc/qt-x11/html/qs-taborder.png
/usr/doc/qt-x11/html/qstack.html
/usr/doc/qt-x11/html/qstatusbar-h.html
/usr/doc/qt-x11/html/qstatusbar.html
/usr/doc/qt-x11/html/qstatusbar-members.html
/usr/doc/qt-x11/html/qstatusbar-m.png
/usr/doc/qt-x11/html/qstatusbar-w.png
/usr/doc/qt-x11/html/qstoreddrag.html
/usr/doc/qt-x11/html/qstoreddrag-members.html
/usr/doc/qt-x11/html/qstrilist.html
/usr/doc/qt-x11/html/qstrilist-members.html
/usr/doc/qt-x11/html/qstring-h.html
/usr/doc/qt-x11/html/qstring.html
/usr/doc/qt-x11/html/qstringlist-h.html
/usr/doc/qt-x11/html/qstringlist.html
/usr/doc/qt-x11/html/qstringlist-members.html
/usr/doc/qt-x11/html/qstring-members.html
/usr/doc/qt-x11/html/qstrlist-h.html
/usr/doc/qt-x11/html/qstrlist.html
/usr/doc/qt-x11/html/qstrlistiterator.html
/usr/doc/qt-x11/html/qstrlistiterator-members.html
/usr/doc/qt-x11/html/qstrlist-members.html
/usr/doc/qt-x11/html/qs-txtlbl.png
/usr/doc/qt-x11/html/qstylefactory-h.html
/usr/doc/qt-x11/html/qstylefactory.html
/usr/doc/qt-x11/html/qstylefactory-members.html
/usr/doc/qt-x11/html/qstyle-h.html
/usr/doc/qt-x11/html/qstyle.html
/usr/doc/qt-x11/html/qstyle-members.html
/usr/doc/qt-x11/html/qstyleoption.html
/usr/doc/qt-x11/html/qstyleoption-members.html
/usr/doc/qt-x11/html/qstyleplugin-h.html
/usr/doc/qt-x11/html/qstyleplugin.html
/usr/doc/qt-x11/html/qstyleplugin-members.html
/usr/doc/qt-x11/html/qstylesheet-h.html
/usr/doc/qt-x11/html/qstylesheet.html
/usr/doc/qt-x11/html/qstylesheetitem.html
/usr/doc/qt-x11/html/qstylesheetitem-members.html
/usr/doc/qt-x11/html/qstylesheet-members.html
/usr/doc/qt-x11/html/qsyntaxhighlighter-h.html
/usr/doc/qt-x11/html/qsyntaxhighlighter.html
/usr/doc/qt-x11/html/qsyntaxhighlighter-members.html
/usr/doc/qt-x11/html/qt31-class-chart.png
/usr/doc/qt-x11/html/qtabbar-h.html
/usr/doc/qt-x11/html/qtabbar.html
/usr/doc/qt-x11/html/qtabbar-members.html
/usr/doc/qt-x11/html/qtabbar-m.png
/usr/doc/qt-x11/html/qtabbar-w.png
/usr/doc/qt-x11/html/qtabdialog-h.html
/usr/doc/qt-x11/html/qtabdialog.html
/usr/doc/qt-x11/html/qtabdialog-members.html
/usr/doc/qt-x11/html/qtabdlg-m.png
/usr/doc/qt-x11/html/qtabdlg-w.png
/usr/doc/qt-x11/html/qtab.html
/usr/doc/qt-x11/html/qtable-h.html
/usr/doc/qt-x11/html/qtable.html
/usr/doc/qt-x11/html/qtableitem.html
/usr/doc/qt-x11/html/qtableitem-members.html
/usr/doc/qt-x11/html/qtableitems.png
/usr/doc/qt-x11/html/qtable-members.html
/usr/doc/qt-x11/html/qtable.png
/usr/doc/qt-x11/html/qtableselection.html
/usr/doc/qt-x11/html/qtableselection-members.html
/usr/doc/qt-x11/html/qtabletevent.html
/usr/doc/qt-x11/html/qtabletevent-members.html
/usr/doc/qt-x11/html/qtablevw-m.png
/usr/doc/qt-x11/html/qtablevw-w.png
/usr/doc/qt-x11/html/qtab-members.html
/usr/doc/qt-x11/html/qtabwidget-h.html
/usr/doc/qt-x11/html/qtabwidget.html
/usr/doc/qt-x11/html/qtabwidget-members.html
/usr/doc/qt-x11/html/qtabwidget-m.png
/usr/doc/qt-x11/html/qtabwidget-w.png
/usr/doc/qt-x11/html/qt-colors.png
/usr/doc/qt-x11/html/qtextbrowser-h.html
/usr/doc/qt-x11/html/qtextbrowser.html
/usr/doc/qt-x11/html/qtextbrowser-members.html
/usr/doc/qt-x11/html/qtextbrowser-m.png
/usr/doc/qt-x11/html/qtextbrowser-w.png
/usr/doc/qt-x11/html/qtextcodec-h.html
/usr/doc/qt-x11/html/qtextcodec.html
/usr/doc/qt-x11/html/qtextcodec-members.html
/usr/doc/qt-x11/html/qtextcodecplugin-h.html
/usr/doc/qt-x11/html/qtextcodecplugin.html
/usr/doc/qt-x11/html/qtextcodecplugin-members.html
/usr/doc/qt-x11/html/qtextdecoder.html
/usr/doc/qt-x11/html/qtextdecoder-members.html
/usr/doc/qt-x11/html/qtextdrag.html
/usr/doc/qt-x11/html/qtextdrag-members.html
/usr/doc/qt-x11/html/qtextedit-h.html
/usr/doc/qt-x11/html/qtextedit.html
/usr/doc/qt-x11/html/qtextedit-members.html
/usr/doc/qt-x11/html/qtextencoder.html
/usr/doc/qt-x11/html/qtextencoder-members.html
/usr/doc/qt-x11/html/qtextistream.html
/usr/doc/qt-x11/html/qtextistream-members.html
/usr/doc/qt-x11/html/qtextostream.html
/usr/doc/qt-x11/html/qtextostream-members.html
/usr/doc/qt-x11/html/qtextstream-h.html
/usr/doc/qt-x11/html/qtextstream.html
/usr/doc/qt-x11/html/qtextstream-members.html
/usr/doc/qt-x11/html/qtextview-h.html
/usr/doc/qt-x11/html/qtextview.html
/usr/doc/qt-x11/html/qtextview-members.html
/usr/doc/qt-x11/html/qthread-h.html
/usr/doc/qt-x11/html/qthread.html
/usr/doc/qt-x11/html/qthread-members.html
/usr/doc/qt-x11/html/qt.html
/usr/doc/qt-x11/html/qtimeedit.html
/usr/doc/qt-x11/html/qtimeedit-members.html
/usr/doc/qt-x11/html/qtime.html
/usr/doc/qt-x11/html/qtime-members.html
/usr/doc/qt-x11/html/qtimerevent.html
/usr/doc/qt-x11/html/qtimerevent-members.html
/usr/doc/qt-x11/html/qtimer-h.html
/usr/doc/qt-x11/html/qtimer.html
/usr/doc/qt-x11/html/qtimer-members.html
/usr/doc/qt-x11/html/qtl.html
/usr/doc/qt-x11/html/qtl-qvaluelist-example.html
/usr/doc/qt-x11/html/qt-members.html
/usr/doc/qt-x11/html/qtoolbar-h.html
/usr/doc/qt-x11/html/qtoolbar.html
/usr/doc/qt-x11/html/qtoolbar-members.html
/usr/doc/qt-x11/html/qtoolbutton-h.html
/usr/doc/qt-x11/html/qtoolbutton.html
/usr/doc/qt-x11/html/qtoolbutton-members.html
/usr/doc/qt-x11/html/qtooltipgroup.html
/usr/doc/qt-x11/html/qtooltipgroup-members.html
/usr/doc/qt-x11/html/qtooltip-h.html
/usr/doc/qt-x11/html/qtooltip.html
/usr/doc/qt-x11/html/qtooltip-members.html
/usr/doc/qt-x11/html/qtranslator-h.html
/usr/doc/qt-x11/html/qtranslator.html
/usr/doc/qt-x11/html/qtranslator-members.html
/usr/doc/qt-x11/html/qtranslatormessage.html
/usr/doc/qt-x11/html/qtranslatormessage-members.html
/usr/doc/qt-x11/html/qtsciicodec-h.html
/usr/doc/qt-x11/html/qtsciicodec.html
/usr/doc/qt-x11/html/qtsciicodec-members.html
/usr/doc/qt-x11/html/qt-template-lib.html
/usr/doc/qt-x11/html/qt.xml
/usr/doc/qt-x11/html/quridrag.html
/usr/doc/qt-x11/html/quridrag-members.html
/usr/doc/qt-x11/html/qurl-h.html
/usr/doc/qt-x11/html/qurl.html
/usr/doc/qt-x11/html/qurlinfo-h.html
/usr/doc/qt-x11/html/qurlinfo.html
/usr/doc/qt-x11/html/qurlinfo-members.html
/usr/doc/qt-x11/html/qurl-members.html
/usr/doc/qt-x11/html/qurloperator-h.html
/usr/doc/qt-x11/html/qurloperator.html
/usr/doc/qt-x11/html/qurloperator-members.html
/usr/doc/qt-x11/html/qvalidator-h.html
/usr/doc/qt-x11/html/qvalidator.html
/usr/doc/qt-x11/html/qvalidator-members.html
/usr/doc/qt-x11/html/qvaluelistconstiterator.html
/usr/doc/qt-x11/html/qvaluelistconstiterator-members.html
/usr/doc/qt-x11/html/qvaluelist-h.html
/usr/doc/qt-x11/html/qvaluelist.html
/usr/doc/qt-x11/html/qvaluelistiterator.html
/usr/doc/qt-x11/html/qvaluelistiterator-members.html
/usr/doc/qt-x11/html/qvaluelist-members.html
/usr/doc/qt-x11/html/qvaluestack-h.html
/usr/doc/qt-x11/html/qvaluestack.html
/usr/doc/qt-x11/html/qvaluestack-members.html
/usr/doc/qt-x11/html/qvaluevector-h.html
/usr/doc/qt-x11/html/qvaluevector.html
/usr/doc/qt-x11/html/qvaluevector-members.html
/usr/doc/qt-x11/html/qvariant-h.html
/usr/doc/qt-x11/html/qvariant.html
/usr/doc/qt-x11/html/qvariant-members.html
/usr/doc/qt-x11/html/qvbox-h.html
/usr/doc/qt-x11/html/qvbox.html
/usr/doc/qt-x11/html/qvboxlayout.html
/usr/doc/qt-x11/html/qvboxlayout-members.html
/usr/doc/qt-x11/html/qvboxlayout.png
/usr/doc/qt-x11/html/qvbox-members.html
/usr/doc/qt-x11/html/qvbox-m.png
/usr/doc/qt-x11/html/qvbuttongroup-h.html
/usr/doc/qt-x11/html/qvbuttongroup.html
/usr/doc/qt-x11/html/qvbuttongroup-members.html
/usr/doc/qt-x11/html/qvector.html
/usr/doc/qt-x11/html/qvgroupbox-h.html
/usr/doc/qt-x11/html/qvgroupbox.html
/usr/doc/qt-x11/html/qvgroupbox-members.html
/usr/doc/qt-x11/html/qwaitcondition-h.html
/usr/doc/qt-x11/html/qwaitcondition.html
/usr/doc/qt-x11/html/qwaitcondition-members.html
/usr/doc/qt-x11/html/qwerty-example.html
/usr/doc/qt-x11/html/qwhatsthis-h.html
/usr/doc/qt-x11/html/qwhatsthis.html
/usr/doc/qt-x11/html/qwhatsthis-members.html
/usr/doc/qt-x11/html/qwheelevent.html
/usr/doc/qt-x11/html/qwheelevent-members.html
/usr/doc/qt-x11/html/qwidgetfactory-h.html
/usr/doc/qt-x11/html/qwidgetfactory.html
/usr/doc/qt-x11/html/qwidgetfactory-members.html
/usr/doc/qt-x11/html/qwidget-h.html
/usr/doc/qt-x11/html/qwidget.html
/usr/doc/qt-x11/html/qwidgetitem.html
/usr/doc/qt-x11/html/qwidgetitem-members.html
/usr/doc/qt-x11/html/qwidget-members.html
/usr/doc/qt-x11/html/qwidgetplugin-h.html
/usr/doc/qt-x11/html/qwidgetplugin.html
/usr/doc/qt-x11/html/qwidgetplugin-members.html
/usr/doc/qt-x11/html/qwidgetstack-h.html
/usr/doc/qt-x11/html/qwidgetstack.html
/usr/doc/qt-x11/html/qwidgetstack-members.html
/usr/doc/qt-x11/html/qwindowdefs-h.html
/usr/doc/qt-x11/html/qwindowsmime.html
/usr/doc/qt-x11/html/qwindowsmime-members.html
/usr/doc/qt-x11/html/qwindowsstyle-h.html
/usr/doc/qt-x11/html/qwindowsstyle.html
/usr/doc/qt-x11/html/qwindowsstyle-members.html
/usr/doc/qt-x11/html/qwindowsystem_qws-h.html
/usr/doc/qt-x11/html/qwizard-h.html
/usr/doc/qt-x11/html/qwizard.html
/usr/doc/qt-x11/html/qwizard-members.html
/usr/doc/qt-x11/html/qwizard.png
/usr/doc/qt-x11/html/qwmatrix-h.html
/usr/doc/qt-x11/html/qwmatrix.html
/usr/doc/qt-x11/html/qwmatrix-members.html
/usr/doc/qt-x11/html/qworkspace-h.html
/usr/doc/qt-x11/html/qworkspace.html
/usr/doc/qt-x11/html/qworkspace-members.html
/usr/doc/qt-x11/html/qwsdecoration.html
/usr/doc/qt-x11/html/qwsdecoration-members.html
/usr/doc/qt-x11/html/qwsdecoration_qws-h.html
/usr/doc/qt-x11/html/qws.html
/usr/doc/qt-x11/html/qwsinputmethod.html
/usr/doc/qt-x11/html/qwsinputmethod-members.html
/usr/doc/qt-x11/html/qwskeyboardhandler.html
/usr/doc/qt-x11/html/qwskeyboardhandler-members.html
/usr/doc/qt-x11/html/qwsmousehandler.html
/usr/doc/qt-x11/html/qwsmousehandler-members.html
/usr/doc/qt-x11/html/qwsserver.html
/usr/doc/qt-x11/html/qwsserver-members.html
/usr/doc/qt-x11/html/qwswindow.html
/usr/doc/qt-x11/html/qwswindow-members.html
/usr/doc/qt-x11/html/qxmlattributes.html
/usr/doc/qt-x11/html/qxmlattributes-members.html
/usr/doc/qt-x11/html/qxmlcontenthandler.html
/usr/doc/qt-x11/html/qxmlcontenthandler-members.html
/usr/doc/qt-x11/html/qxmldeclhandler.html
/usr/doc/qt-x11/html/qxmldeclhandler-members.html
/usr/doc/qt-x11/html/qxmldefaulthandler.html
/usr/doc/qt-x11/html/qxmldefaulthandler-members.html
/usr/doc/qt-x11/html/qxmldtdhandler.html
/usr/doc/qt-x11/html/qxmldtdhandler-members.html
/usr/doc/qt-x11/html/qxmlentityresolver.html
/usr/doc/qt-x11/html/qxmlentityresolver-members.html
/usr/doc/qt-x11/html/qxmlerrorhandler.html
/usr/doc/qt-x11/html/qxmlerrorhandler-members.html
/usr/doc/qt-x11/html/qxml-h.html
/usr/doc/qt-x11/html/qxmlinputsource.html
/usr/doc/qt-x11/html/qxmlinputsource-members.html
/usr/doc/qt-x11/html/qxmllexicalhandler.html
/usr/doc/qt-x11/html/qxmllexicalhandler-members.html
/usr/doc/qt-x11/html/qxmllocator.html
/usr/doc/qt-x11/html/qxmllocator-members.html
/usr/doc/qt-x11/html/qxmlnamespacesupport.html
/usr/doc/qt-x11/html/qxmlnamespacesupport-members.html
/usr/doc/qt-x11/html/qxmlparseexception.html
/usr/doc/qt-x11/html/qxmlparseexception-members.html
/usr/doc/qt-x11/html/qxmlreader.html
/usr/doc/qt-x11/html/qxmlreader-members.html
/usr/doc/qt-x11/html/qxmlsimplereader.html
/usr/doc/qt-x11/html/qxmlsimplereader-members.html
/usr/doc/qt-x11/html/rangecontrols-example.html
/usr/doc/qt-x11/html/rd-add.png
/usr/doc/qt-x11/html/rd-chooseanimage.png
/usr/doc/qt-x11/html/rd-chooseapixmap.png
/usr/doc/qt-x11/html/rd-configmf.png
/usr/doc/qt-x11/html/rd-configtb.png
/usr/doc/qt-x11/html/rd-cwidgdef.png
/usr/doc/qt-x11/html/rd-cwidgprop.png
/usr/doc/qt-x11/html/rd-cwidgsig.png
/usr/doc/qt-x11/html/rd-cwidgslot.png
/usr/doc/qt-x11/html/rd-dbconn.png
/usr/doc/qt-x11/html/rd-ediconview.png
/usr/doc/qt-x11/html/rd-editincdec.png
/usr/doc/qt-x11/html/rd-edittext1.png
/usr/doc/qt-x11/html/rd-edittext2.png
/usr/doc/qt-x11/html/rd-edlistbox.png
/usr/doc/qt-x11/html/rd-edlistview2.png
/usr/doc/qt-x11/html/rd-edlistview.png
/usr/doc/qt-x11/html/rd-edpalette.png
/usr/doc/qt-x11/html/rd-edtablecol.png
/usr/doc/qt-x11/html/rd-edtablerow.png
/usr/doc/qt-x11/html/rd-find.png
/usr/doc/qt-x11/html/rd-formset.png
/usr/doc/qt-x11/html/rd-goto.png
/usr/doc/qt-x11/html/rd-image.png
/usr/doc/qt-x11/html/rd-open.png
/usr/doc/qt-x11/html/rd-pagetitle.png
/usr/doc/qt-x11/html/rd-prefedit1.png
/usr/doc/qt-x11/html/rd-prefgen1.png
/usr/doc/qt-x11/html/rd-projset2.png
/usr/doc/qt-x11/html/rd-projset.png
/usr/doc/qt-x11/html/rd-replace.png
/usr/doc/qt-x11/html/rd-saveas.png
/usr/doc/qt-x11/html/rd-saveformas.png
/usr/doc/qt-x11/html/rd-saveform.png
/usr/doc/qt-x11/html/rd-saveprojset.png
/usr/doc/qt-x11/html/rd-selcolor.png
/usr/doc/qt-x11/html/rd-selfont.png
/usr/doc/qt-x11/html/rd-startdesigntab2.png
/usr/doc/qt-x11/html/rd-template.png
/usr/doc/qt-x11/html/rd-text.png
/usr/doc/qt-x11/html/rd-title.png
/usr/doc/qt-x11/html/rd-tunepalette.png
/usr/doc/qt-x11/html/removed20.html
/usr/doc/qt-x11/html/richtext-example.html
/usr/doc/qt-x11/html/rintersect.png
/usr/doc/qt-x11/html/rmo-editmenu.png
/usr/doc/qt-x11/html/rmo-filemenu.png
/usr/doc/qt-x11/html/rmo-helpmenu.png
/usr/doc/qt-x11/html/rmo-layoutmenu.png
/usr/doc/qt-x11/html/rmo-previewmenu.png
/usr/doc/qt-x11/html/rmo-projectmenu.png
/usr/doc/qt-x11/html/rmo-searchmenu.png
/usr/doc/qt-x11/html/rmo-toolsmenu.png
/usr/doc/qt-x11/html/rmo-windowmenu.png
/usr/doc/qt-x11/html/rot-example.html
/usr/doc/qt-x11/html/rsubtract.png
/usr/doc/qt-x11/html/rtb-edit.png
/usr/doc/qt-x11/html/rtb-file.png
/usr/doc/qt-x11/html/rtb-layout.png
/usr/doc/qt-x11/html/rtb-search.png
/usr/doc/qt-x11/html/rtb-tbbuttons.png
/usr/doc/qt-x11/html/rtb-tbcontain.png
/usr/doc/qt-x11/html/rtb-tbcustom.png
/usr/doc/qt-x11/html/rtb-tbdatabase.png
/usr/doc/qt-x11/html/rtb-tbdisplay.png
/usr/doc/qt-x11/html/rtb-tbinput.png
/usr/doc/qt-x11/html/rtb-tbviews.png
/usr/doc/qt-x11/html/rtb-toolbox.png
/usr/doc/qt-x11/html/rtb-tools.png
/usr/doc/qt-x11/html/runion.png
/usr/doc/qt-x11/html/rxor.png
/usr/doc/qt-x11/html/scaling.png
/usr/doc/qt-x11/html/scribble-example.html
/usr/doc/qt-x11/html/scripts.html
/usr/doc/qt-x11/html/scrollview-example.html
/usr/doc/qt-x11/html/session.html
/usr/doc/qt-x11/html/session.png
/usr/doc/qt-x11/html/shared.html
/usr/doc/qt-x11/html/shclass.html
/usr/doc/qt-x11/html/showimg-example.html
/usr/doc/qt-x11/html/signalsandslots.html
/usr/doc/qt-x11/html/simple-application-example.html
/usr/doc/qt-x11/html/simple-application.html
/usr/doc/qt-x11/html/simple_dd-example.html
/usr/doc/qt-x11/html/simple-font-demo-example.html
/usr/doc/qt-x11/html/small-table-example-example.html
/usr/doc/qt-x11/html/smooth.png
/usr/doc/qt-x11/html/sound-example.html
/usr/doc/qt-x11/html/splitter-example.html
/usr/doc/qt-x11/html/splitter-views-w.png
/usr/doc/qt-x11/html/sql-driver.html
/usr/doc/qt-x11/html/sql-examples.html
/usr/doc/qt-x11/html/sql.html
/usr/doc/qt-x11/html/sql-overview-basicbrowsing2-main-cpp.html
/usr/doc/qt-x11/html/sql-overview-basicbrowsing-main-cpp.html
/usr/doc/qt-x11/html/sql-overview-basicdatamanip-main-cpp.html
/usr/doc/qt-x11/html/sql-overview-connect1-main-cpp.html
/usr/doc/qt-x11/html/sql-overview-create_connections-main-cpp.html
/usr/doc/qt-x11/html/sql-overview-custom1-main-cpp.html
/usr/doc/qt-x11/html/sql-overview-custom1-main-h.html
/usr/doc/qt-x11/html/sql-overview-delete-main-cpp.html
/usr/doc/qt-x11/html/sql-overview-extract-main-cpp.html
/usr/doc/qt-x11/html/sql-overview-form1-main-cpp.html
/usr/doc/qt-x11/html/sql-overview-form2-main-h.html
/usr/doc/qt-x11/html/sql-overview-insert-main-cpp.html
/usr/doc/qt-x11/html/sql-overview-navigating-main-cpp.html
/usr/doc/qt-x11/html/sql-overview-order1-main-cpp.html
/usr/doc/qt-x11/html/sql-overview-order2-main-cpp.html
/usr/doc/qt-x11/html/sql-overview-retrieve1-main-cpp.html
/usr/doc/qt-x11/html/sql-overview-retrieve2-main-cpp.html
/usr/doc/qt-x11/html/sql-overview-subclass1-main-cpp.html
/usr/doc/qt-x11/html/sql-overview-subclass2-main-cpp.html
/usr/doc/qt-x11/html/sql-overview-subclass2-main-h.html
/usr/doc/qt-x11/html/sql-overview-subclass3-main-cpp.html
/usr/doc/qt-x11/html/sql-overview-subclass3-main-h.html
/usr/doc/qt-x11/html/sql-overview-subclass4-main-cpp.html
/usr/doc/qt-x11/html/sql-overview-subclass4-main-h.html
/usr/doc/qt-x11/html/sql-overview-subclass5-main-cpp.html
/usr/doc/qt-x11/html/sql-overview-subclass5-main-h.html
/usr/doc/qt-x11/html/sql-overview-table1-main-cpp.html
/usr/doc/qt-x11/html/sql-overview-table2-main-cpp.html
/usr/doc/qt-x11/html/sql-overview-table3-main-cpp.html
/usr/doc/qt-x11/html/sql-overview-table3-main-h.html
/usr/doc/qt-x11/html/sql-overview-table4-main-cpp.html
/usr/doc/qt-x11/html/sql-overview-table4-main-h.html
/usr/doc/qt-x11/html/sql-overview-update-main-cpp.html
/usr/doc/qt-x11/html/sqltable-example.html
/usr/doc/qt-x11/html/statistics-example.html
/usr/doc/qt-x11/html/step-by-step-examples.html
/usr/doc/qt-x11/html/t10-cannon-cpp.html
/usr/doc/qt-x11/html/t10-cannon-h.html
/usr/doc/qt-x11/html/t10-lcdrange-cpp.html
/usr/doc/qt-x11/html/t10-lcdrange-h.html
/usr/doc/qt-x11/html/t10-main-cpp.html
/usr/doc/qt-x11/html/t10.png
/usr/doc/qt-x11/html/t11-cannon-cpp.html
/usr/doc/qt-x11/html/t11-cannon-h.html
/usr/doc/qt-x11/html/t11-lcdrange-cpp.html
/usr/doc/qt-x11/html/t11-lcdrange-h.html
/usr/doc/qt-x11/html/t11-main-cpp.html
/usr/doc/qt-x11/html/t11.png
/usr/doc/qt-x11/html/t12-cannon-cpp.html
/usr/doc/qt-x11/html/t12-cannon-h.html
/usr/doc/qt-x11/html/t12-lcdrange-cpp.html
/usr/doc/qt-x11/html/t12-lcdrange-h.html
/usr/doc/qt-x11/html/t12-main-cpp.html
/usr/doc/qt-x11/html/t12.png
/usr/doc/qt-x11/html/t13-cannon-cpp.html
/usr/doc/qt-x11/html/t13-cannon-h.html
/usr/doc/qt-x11/html/t13-gamebrd-cpp.html
/usr/doc/qt-x11/html/t13-gamebrd-h.html
/usr/doc/qt-x11/html/t13-lcdrange-cpp.html
/usr/doc/qt-x11/html/t13-lcdrange-h.html
/usr/doc/qt-x11/html/t13-main-cpp.html
/usr/doc/qt-x11/html/t13.png
/usr/doc/qt-x11/html/t14-cannon-cpp.html
/usr/doc/qt-x11/html/t14-cannon-h.html
/usr/doc/qt-x11/html/t14-gamebrd-cpp.html
/usr/doc/qt-x11/html/t14-gamebrd-h.html
/usr/doc/qt-x11/html/t14-lcdrange-cpp.html
/usr/doc/qt-x11/html/t14-lcdrange-h.html
/usr/doc/qt-x11/html/t14-main-cpp.html
/usr/doc/qt-x11/html/t14.png
/usr/doc/qt-x11/html/t1.png
/usr/doc/qt-x11/html/t2.png
/usr/doc/qt-x11/html/t3.png
/usr/doc/qt-x11/html/t4.png
/usr/doc/qt-x11/html/t5.png
/usr/doc/qt-x11/html/t6.png
/usr/doc/qt-x11/html/t7-lcdrange-cpp.html
/usr/doc/qt-x11/html/t7-lcdrange-h.html
/usr/doc/qt-x11/html/t7-main-cpp.html
/usr/doc/qt-x11/html/t7.png
/usr/doc/qt-x11/html/t8-cannon-cpp.html
/usr/doc/qt-x11/html/t8-cannon-h.html
/usr/doc/qt-x11/html/t8-lcdrange-cpp.html
/usr/doc/qt-x11/html/t8-lcdrange-h.html
/usr/doc/qt-x11/html/t8-main-cpp.html
/usr/doc/qt-x11/html/t8.png
/usr/doc/qt-x11/html/t9_1.png
/usr/doc/qt-x11/html/t9_2.png
/usr/doc/qt-x11/html/t9-cannon-cpp.html
/usr/doc/qt-x11/html/t9-cannon-h.html
/usr/doc/qt-x11/html/t9-lcdrange-cpp.html
/usr/doc/qt-x11/html/t9-lcdrange-h.html
/usr/doc/qt-x11/html/t9-main-cpp.html
/usr/doc/qt-x11/html/t9.png
/usr/doc/qt-x11/html/tabdialog-example.html
/usr/doc/qt-x11/html/table-bigtable-main-cpp.html
/usr/doc/qt-x11/html/table-examples.html
/usr/doc/qt-x11/html/table.html
/usr/doc/qt-x11/html/table-small-table-demo-main-cpp.html
/usr/doc/qt-x11/html/table-statistics-statistics-cpp.html
/usr/doc/qt-x11/html/tablet-example.html
/usr/doc/qt-x11/html/tagreader-example.html
/usr/doc/qt-x11/html/tagreader-with-features-example.html
/usr/doc/qt-x11/html/templates.html
/usr/doc/qt-x11/html/tetrix-example.html
/usr/doc/qt-x11/html/textedit-example.html
/usr/doc/qt-x11/html/text.html
/usr/doc/qt-x11/html/themes-example.html
/usr/doc/qt-x11/html/thread.html
/usr/doc/qt-x11/html/threads.html
/usr/doc/qt-x11/html/tictac-example.html
/usr/doc/qt-x11/html/time.html
/usr/doc/qt-x11/html/timers.html
/usr/doc/qt-x11/html/titleindex
/usr/doc/qt-x11/html/toggleaction-example.html
/usr/doc/qt-x11/html/toolbar.png
/usr/doc/qt-x11/html/tools.html
/usr/doc/qt-x11/html/tools-list.html
/usr/doc/qt-x11/html/tooltip-example.html
/usr/doc/qt-x11/html/trivial-nsplugin-example.html
/usr/doc/qt-x11/html/troll.html
/usr/doc/qt-x11/html/tt1_en.png
/usr/doc/qt-x11/html/tt1_la.png
/usr/doc/qt-x11/html/tt2_en.png
/usr/doc/qt-x11/html/tt2_fr.png
/usr/doc/qt-x11/html/tt2_nl.png
/usr/doc/qt-x11/html/tt3_10_en.png
/usr/doc/qt-x11/html/tt3_10_pt_bad.png
/usr/doc/qt-x11/html/tt3_10_pt_good.png
/usr/doc/qt-x11/html/tt3_11_about_pt.png
/usr/doc/qt-x11/html/tt3_11_en.png
/usr/doc/qt-x11/html/tt3_11_pt.png
/usr/doc/qt-x11/html/tutorial1-01.html
/usr/doc/qt-x11/html/tutorial1-02.html
/usr/doc/qt-x11/html/tutorial1-03.html
/usr/doc/qt-x11/html/tutorial1-04.html
/usr/doc/qt-x11/html/tutorial1-05.html
/usr/doc/qt-x11/html/tutorial1-06.html
/usr/doc/qt-x11/html/tutorial1-07.html
/usr/doc/qt-x11/html/tutorial1-08.html
/usr/doc/qt-x11/html/tutorial1-09.html
/usr/doc/qt-x11/html/tutorial1-10.html
/usr/doc/qt-x11/html/tutorial1-11.html
/usr/doc/qt-x11/html/tutorial1-12.html
/usr/doc/qt-x11/html/tutorial1-13.html
/usr/doc/qt-x11/html/tutorial1-14.html
/usr/doc/qt-x11/html/tutorial2-01.html
/usr/doc/qt-x11/html/tutorial2-02.html
/usr/doc/qt-x11/html/tutorial2-03.html
/usr/doc/qt-x11/html/tutorial2-04.html
/usr/doc/qt-x11/html/tutorial2-05.html
/usr/doc/qt-x11/html/tutorial2-06.html
/usr/doc/qt-x11/html/tutorial2-07.html
/usr/doc/qt-x11/html/tutorial2-08.html
/usr/doc/qt-x11/html/tutorial2-09.html
/usr/doc/qt-x11/html/tutorial2-10.html
/usr/doc/qt-x11/html/tutorial2-11.html
/usr/doc/qt-x11/html/tutorial2.html
/usr/doc/qt-x11/html/tutorial.html
/usr/doc/qt-x11/html/uic.html
/usr/doc/qt-x11/html/unicode.html
/usr/doc/qt-x11/html/unsmooth.png
/usr/doc/qt-x11/html/validateaccelerators.png
/usr/doc/qt-x11/html/validatephrases.png
/usr/doc/qt-x11/html/validatepunctuation.png
/usr/doc/qt-x11/html/whatsthis
/usr/doc/qt-x11/html/whatsthis.png
/usr/doc/qt-x11/html/widgets-example.html
/usr/doc/qt-x11/html/win-objexplor1.png
/usr/doc/qt-x11/html/win-objexplor2.png
/usr/doc/qt-x11/html/win-projoverview.png
/usr/doc/qt-x11/html/win-propedit1.png
/usr/doc/qt-x11/html/win-propedit2.png
/usr/doc/qt-x11/html/winsystem.html
/usr/doc/qt-x11/html/wizard-example.html
/usr/doc/qt-x11/html/wizard-wizard-cpp.html
/usr/doc/qt-x11/html/wizard-wizard-h.html
/usr/doc/qt-x11/html/workspace.html
/usr/doc/qt-x11/html/xform-example.html
/usr/doc/qt-x11/html/xform.png
/usr/doc/qt-x11/html/xml-examples.html
/usr/doc/qt-x11/html/xml.html
/usr/doc/qt-x11/html/xml-sax-features-walkthrough.html
/usr/doc/qt-x11/html/xml-sax-walkthrough.html
/usr/doc/qt-x11/html/xml-tools.html
/usr/doc/qt-x11/html/y2k.html
/usr/include/qt/jri.h
/usr/include/qt/jri_md.h
/usr/include/qt/jritypes.h
/usr/include/qt/npapi.h
/usr/include/qt/npupp.h
/usr/include/qt/private/qapplication_p.h
/usr/include/qt/private/qcolor_p.h
/usr/include/qt/private/qcomlibrary_p.h
/usr/include/qt/private/qcom_p.h
/usr/include/qt/private/qcomplextext_p.h
/usr/include/qt/private/qcomponentfactory_p.h
/usr/include/qt/private/qcriticalsection_p.h
/usr/include/qt/private/qdir_p.h
/usr/include/qt/private/qeffects_p.h
/usr/include/qt/private/qeventloop_p.h
/usr/include/qt/private/qfiledefs_p.h
/usr/include/qt/private/qfontcodecs_p.h
/usr/include/qt/private/qfontdata_p.h
/usr/include/qt/private/qgfxdriverinterface_p.h
/usr/include/qt/private/qgpluginmanager_p.h
/usr/include/qt/private/qimageformatinterface_p.h
/usr/include/qt/private/qinputcontext_p.h
/usr/include/qt/private/qinternal_p.h
/usr/include/qt/private/qkbddriverinterface_p.h
/usr/include/qt/private/qlayoutengine_p.h
/usr/include/qt/private/qlibrary_p.h
/usr/include/qt/private/qlock_p.h
/usr/include/qt/private/qmousedriverinterface_p.h
/usr/include/qt/private/qmutex_p.h
/usr/include/qt/private/qmutexpool_p.h
/usr/include/qt/private/qpainter_p.h
/usr/include/qt/private/qpluginmanager_p.h
/usr/include/qt/private/qpsprinter_p.h
/usr/include/qt/private/qrichtext_p.h
/usr/include/qt/private/qsettings_p.h
/usr/include/qt/private/qsharedmemory_p.h
/usr/include/qt/private/qsqldriverinterface_p.h
/usr/include/qt/private/qsqlextension_p.h
/usr/include/qt/private/qsqlmanager_p.h
/usr/include/qt/private/qstyleinterface_p.h
/usr/include/qt/private/qsvgdevice_p.h
/usr/include/qt/private/qtextcodecinterface_p.h
/usr/include/qt/private/qtitlebar_p.h
/usr/include/qt/private/qucomextra_p.h
/usr/include/qt/private/qucom_p.h
/usr/include/qt/private/qwidgetinterface_p.h
/usr/include/qt/private/qwidget_p.h
/usr/include/qt/private/qwidgetresizehandler_p.h
/usr/include/qt/q1xcompatibility.h
/usr/include/qt/qabstractlayout.h
/usr/include/qt/qaccel.h
/usr/include/qt/qaccessible.h
/usr/include/qt/qaction.h
/usr/include/qt/qapp.h
/usr/include/qt/qapplication.h
/usr/include/qt/qarray.h
/usr/include/qt/qasciicache.h
/usr/include/qt/qasciidict.h
/usr/include/qt/qassistantclient.h
/usr/include/qt/qasyncimageio.h
/usr/include/qt/qasyncio.h
/usr/include/qt/qbig5codec.h
/usr/include/qt/qbitarray.h
/usr/include/qt/qbitarry.h
/usr/include/qt/qbitmap.h
/usr/include/qt/qbrush.h
/usr/include/qt/qbttngrp.h
/usr/include/qt/qbuffer.h
/usr/include/qt/qbuttongroup.h
/usr/include/qt/qbutton.h
/usr/include/qt/qcache.h
/usr/include/qt/qcanvas.h
/usr/include/qt/qcdestyle.h
/usr/include/qt/qcheckbox.h
/usr/include/qt/qchkbox.h
/usr/include/qt/qcleanuphandler.h
/usr/include/qt/qclipboard.h
/usr/include/qt/qclipbrd.h
/usr/include/qt/qcollect.h
/usr/include/qt/qcollection.h
/usr/include/qt/qcolordialog.h
/usr/include/qt/qcolor.h
/usr/include/qt/qcombobox.h
/usr/include/qt/qcombo.h
/usr/include/qt/qcommonstyle.h
/usr/include/qt/qcompactstyle.h
/usr/include/qt/qconfig-dist.h
/usr/include/qt/qconfig.h
/usr/include/qt/qconfig-large.h
/usr/include/qt/qconfig-medium.h
/usr/include/qt/qconfig-minimal.h
/usr/include/qt/qconfig-small.h
/usr/include/qt/qconnect.h
/usr/include/qt/qconnection.h
/usr/include/qt/qcstring.h
/usr/include/qt/qcursor.h
/usr/include/qt/qdatabrowser.h
/usr/include/qt/qdatastream.h
/usr/include/qt/qdatatable.h
/usr/include/qt/qdataview.h
/usr/include/qt/qdatetimeedit.h
/usr/include/qt/qdatetime.h
/usr/include/qt/qdatetm.h
/usr/include/qt/qdeepcopy.h
/usr/include/qt/qdesktopwidget.h
/usr/include/qt/qdial.h
/usr/include/qt/qdialog.h
/usr/include/qt/qdict.h
/usr/include/qt/qdir.h
/usr/include/qt/qdns.h
/usr/include/qt/qdockarea.h
/usr/include/qt/qdockwindow.h
/usr/include/qt/qdom.h
/usr/include/qt/qdragobject.h
/usr/include/qt/qdrawutil.h
/usr/include/qt/qdrawutl.h
/usr/include/qt/qdropsite.h
/usr/include/qt/qdstream.h
/usr/include/qt/qeditorfactory.h
/usr/include/qt/qerrormessage.h
/usr/include/qt/qeucjpcodec.h
/usr/include/qt/qeuckrcodec.h
/usr/include/qt/qevent.h
/usr/include/qt/qeventloop.h
/usr/include/qt/qfeatures.h
/usr/include/qt/qfiledef.h
/usr/include/qt/qfiledialog.h
/usr/include/qt/qfiledlg.h
/usr/include/qt/qfile.h
/usr/include/qt/qfileinf.h
/usr/include/qt/qfileinfo.h
/usr/include/qt/qfocusdata.h
/usr/include/qt/qfontdatabase.h
/usr/include/qt/qfontdialog.h
/usr/include/qt/qfont.h
/usr/include/qt/qfontinf.h
/usr/include/qt/qfontinfo.h
/usr/include/qt/qfontmet.h
/usr/include/qt/qfontmetrics.h
/usr/include/qt/qframe.h
/usr/include/qt/qftp.h
/usr/include/qt/qgarray.h
/usr/include/qt/qgb18030codec.h
/usr/include/qt/qgbkcodec.h
/usr/include/qt/qgcache.h
/usr/include/qt/qgdict.h
/usr/include/qt/qgeneric.h
/usr/include/qt/qgif.h
/usr/include/qt/qglcolormap.h
/usr/include/qt/qgl.h
/usr/include/qt/qglist.h
/usr/include/qt/qglobal.h
/usr/include/qt/qgplugin.h
/usr/include/qt/qgrid.h
/usr/include/qt/qgridview.h
/usr/include/qt/qgroupbox.h
/usr/include/qt/qgrpbox.h
/usr/include/qt/qguardedptr.h
/usr/include/qt/qgvector.h
/usr/include/qt/qhbox.h
/usr/include/qt/qhbuttongroup.h
/usr/include/qt/qheader.h
/usr/include/qt/qhgroupbox.h
/usr/include/qt/qhostaddress.h
/usr/include/qt/qhttp.h
/usr/include/qt/qiconset.h
/usr/include/qt/qiconview.h
/usr/include/qt/qimageformatplugin.h
/usr/include/qt/qimage.h
/usr/include/qt/qinputdialog.h
/usr/include/qt/qintcache.h
/usr/include/qt/qintcach.h
/usr/include/qt/qintdict.h
/usr/include/qt/qinterlacestyle.h
/usr/include/qt/qiodev.h
/usr/include/qt/qiodevice.h
/usr/include/qt/qjiscodec.h
/usr/include/qt/qjpegio.h
/usr/include/qt/qjpunicode.h
/usr/include/qt/qkeycode.h
/usr/include/qt/qkeysequence.h
/usr/include/qt/qlabel.h
/usr/include/qt/qlayout.h
/usr/include/qt/qlcdnumber.h
/usr/include/qt/qlcdnum.h
/usr/include/qt/qlibrary.h
/usr/include/qt/qlined.h
/usr/include/qt/qlineedit.h
/usr/include/qt/qlistbox.h
/usr/include/qt/qlist.h
/usr/include/qt/qlistview.h
/usr/include/qt/qlocalfs.h
/usr/include/qt/qmainwindow.h
/usr/include/qt/qmap.h
/usr/include/qt/qmemarray.h
/usr/include/qt/qmenubar.h
/usr/include/qt/qmenudata.h
/usr/include/qt/qmenudta.h
/usr/include/qt/qmessagebox.h
/usr/include/qt/qmetaobject.h
/usr/include/qt/qmetaobj.h
/usr/include/qt/qmime.h
/usr/include/qt/qmlined.h
/usr/include/qt/qmngio.h
/usr/include/qt/qmodules.h
/usr/include/qt/qmotifplusstyle.h
/usr/include/qt/qmotifstyle.h
/usr/include/qt/qmovie.h
/usr/include/qt/qmsgbox.h
/usr/include/qt/qmultilinedit.h
/usr/include/qt/qmultilineedit.h
/usr/include/qt/qmutex.h
/usr/include/qt/qnamespace.h
/usr/include/qt/qnetwork.h
/usr/include/qt/qnetworkprotocol.h
/usr/include/qt/qnp.h
/usr/include/qt/qobjcoll.h
/usr/include/qt/qobjdefs.h
/usr/include/qt/qobjectcleanuphandler.h
/usr/include/qt/qobjectdefs.h
/usr/include/qt/qobjectdict.h
/usr/include/qt/qobject.h
/usr/include/qt/qobjectlist.h
/usr/include/qt/qpaintdc.h
/usr/include/qt/qpaintdevicedefs.h
/usr/include/qt/qpaintdevice.h
/usr/include/qt/qpaintdevicemetrics.h
/usr/include/qt/qpaintd.h
/usr/include/qt/qpainter.h
/usr/include/qt/qpair.h
/usr/include/qt/qpalette.h
/usr/include/qt/qpdevmet.h
/usr/include/qt/qpen.h
/usr/include/qt/qpicture.h
/usr/include/qt/qpixmapcache.h
/usr/include/qt/qpixmap.h
/usr/include/qt/qplatinumstyle.h
/usr/include/qt/qpmcache.h
/usr/include/qt/qpngio.h
/usr/include/qt/qpntarry.h
/usr/include/qt/qpointarray.h
/usr/include/qt/qpoint.h
/usr/include/qt/qpolygonscanner.h
/usr/include/qt/qpopmenu.h
/usr/include/qt/qpopupmenu.h
/usr/include/qt/qprintdialog.h
/usr/include/qt/qprinter.h
/usr/include/qt/qprndlg.h
/usr/include/qt/qprocess.h
/usr/include/qt/qprogbar.h
/usr/include/qt/qprogdlg.h
/usr/include/qt/qprogressbar.h
/usr/include/qt/qprogressdialog.h
/usr/include/qt/qpsprn.h
/usr/include/qt/qptrcollection.h
/usr/include/qt/qptrdict.h
/usr/include/qt/qptrlist.h
/usr/include/qt/qptrqueue.h
/usr/include/qt/qptrstack.h
/usr/include/qt/qptrvector.h
/usr/include/qt/qpushbt.h
/usr/include/qt/qpushbutton.h
/usr/include/qt/qqueue.h
/usr/include/qt/qradiobt.h
/usr/include/qt/qradiobutton.h
/usr/include/qt/qrangecontrol.h
/usr/include/qt/qrangect.h
/usr/include/qt/qrect.h
/usr/include/qt/qregexp.h
/usr/include/qt/qregion.h
/usr/include/qt/qrtlcodec.h
/usr/include/qt/qscrbar.h
/usr/include/qt/qscrollbar.h
/usr/include/qt/qscrollview.h
/usr/include/qt/qsemaphore.h
/usr/include/qt/qsemimodal.h
/usr/include/qt/qserversocket.h
/usr/include/qt/qsession.h
/usr/include/qt/qsessionmanager.h
/usr/include/qt/qsettings.h
/usr/include/qt/qsgistyle.h
/usr/include/qt/qshared.h
/usr/include/qt/qsignal.h
/usr/include/qt/qsignalmapper.h
/usr/include/qt/qsignalslotimp.h
/usr/include/qt/qsimplerichtext.h
/usr/include/qt/qsizegrip.h
/usr/include/qt/qsize.h
/usr/include/qt/qsizepolicy.h
/usr/include/qt/qsjiscodec.h
/usr/include/qt/qslider.h
/usr/include/qt/qsocketdevice.h
/usr/include/qt/qsocket.h
/usr/include/qt/qsocketnotifier.h
/usr/include/qt/qsocknot.h
/usr/include/qt/qsortedlist.h
/usr/include/qt/qsound.h
/usr/include/qt/qspinbox.h
/usr/include/qt/qsplitter.h
/usr/include/qt/qsqlcursor.h
/usr/include/qt/qsqldatabase.h
/usr/include/qt/qsqldriver.h
/usr/include/qt/qsqldriverplugin.h
/usr/include/qt/qsqleditorfactory.h
/usr/include/qt/qsqlerror.h
/usr/include/qt/qsqlfield.h
/usr/include/qt/qsqlform.h
/usr/include/qt/qsql.h
/usr/include/qt/qsqlindex.h
/usr/include/qt/qsqlpropertymap.h
/usr/include/qt/qsqlquery.h
/usr/include/qt/qsqlrecord.h
/usr/include/qt/qsqlresult.h
/usr/include/qt/qstack.h
/usr/include/qt/qstatusbar.h
/usr/include/qt/qstring.h
/usr/include/qt/qstringlist.h
/usr/include/qt/qstrlist.h
/usr/include/qt/qstrvec.h
/usr/include/qt/qstylefactory.h
/usr/include/qt/qstyle.h
/usr/include/qt/qstyleplugin.h
/usr/include/qt/qstylesheet.h
/usr/include/qt/qsyntaxhighlighter.h
/usr/include/qt/qtabbar.h
/usr/include/qt/qtabdialog.h
/usr/include/qt/qtabdlg.h
/usr/include/qt/qtable.h
/usr/include/qt/qtabwidget.h
/usr/include/qt/qtextbrowser.h
/usr/include/qt/qtextcodecfactory.h
/usr/include/qt/qtextcodec.h
/usr/include/qt/qtextcodecplugin.h
/usr/include/qt/qtextedit.h
/usr/include/qt/qtextstream.h
/usr/include/qt/qtextview.h
/usr/include/qt/qt.h
/usr/include/qt/qthread.h
/usr/include/qt/qtimer.h
/usr/include/qt/qtl.h
/usr/include/qt/qtoolbar.h
/usr/include/qt/qtoolbutton.h
/usr/include/qt/qtooltip.h
/usr/include/qt/qtranslator.h
/usr/include/qt/qtsciicodec.h
/usr/include/qt/qtstream.h
/usr/include/qt/qt_x11.h
/usr/include/qt/qurl.h
/usr/include/qt/qurlinfo.h
/usr/include/qt/qurloperator.h
/usr/include/qt/qutfcodec.h
/usr/include/qt/quuid.h
/usr/include/qt/qvalidator.h
/usr/include/qt/qvaluelist.h
/usr/include/qt/qvaluestack.h
/usr/include/qt/qvaluevector.h
/usr/include/qt/qvariant.h
/usr/include/qt/qvbox.h
/usr/include/qt/qvbuttongroup.h
/usr/include/qt/qvector.h
/usr/include/qt/qvfbhdr.h
/usr/include/qt/qvgroupbox.h
/usr/include/qt/qwaitcondition.h
/usr/include/qt/qwhatsthis.h
/usr/include/qt/qwidcoll.h
/usr/include/qt/qwidgetfactory.h
/usr/include/qt/qwidget.h
/usr/include/qt/qwidgetintdict.h
/usr/include/qt/qwidgetlist.h
/usr/include/qt/qwidgetplugin.h
/usr/include/qt/qwidgetstack.h
/usr/include/qt/qwindefs.h
/usr/include/qt/qwindowdefs.h
/usr/include/qt/qwindow.h
/usr/include/qt/qwindowsstyle.h
/usr/include/qt/qwindowsxpstyle.h
/usr/include/qt/qwinexport.h
/usr/include/qt/qwizard.h
/usr/include/qt/qwmatrix.h
/usr/include/qt/qworkspace.h
/usr/include/qt/qxml.h
/usr/lib/libdesigner.a
/usr/lib/libdesigner.prl
/usr/lib/libeditor.a
/usr/lib/libeditor.prl
/usr/lib/libqassistantclient.a
/usr/lib/libqassistantclient.prl
/usr/lib/libqt-mt.so
/usr/lib/libqt-mt.so.3.1.2
/usr/lib/libqt.so
/usr/lib/libqui.prl
/usr/lib/libqui.so
/usr/lib/libqui.so.1
/usr/lib/libqui.so.1.0
/usr/lib/libqui.so.1.0.0
/usr/lib/qt/plugins/designer/libcppeditor.so
/usr/lib/qt/plugins/designer/libdlgplugin.so
/usr/lib/qt/plugins/designer/libkdevdlgplugin.so
/usr/lib/qt/plugins/designer/librcplugin.so
/usr/lib/qt/plugins/designer/libwizards.so
/usr/lib/qt/plugins/imageformats/libqjpeg.so
/usr/lib/qt/plugins/imageformats/libqmng.so
/usr/share/qt/mkspecs/aix-g++/qmake.conf
/usr/share/qt/mkspecs/aix-g++/qplatformdefs.h
/usr/share/qt/mkspecs/aix-xlc-64/qmake.conf
/usr/share/qt/mkspecs/aix-xlc-64/qplatformdefs.h
/usr/share/qt/mkspecs/aix-xlc/qmake.conf
/usr/share/qt/mkspecs/aix-xlc/qplatformdefs.h
/usr/share/qt/mkspecs/bsdi-g++/qmake.conf
/usr/share/qt/mkspecs/bsdi-g++/qplatformdefs.h
/usr/share/qt/mkspecs/cygwin-g++/qmake.conf
/usr/share/qt/mkspecs/cygwin-g++/qplatformdefs.h
/usr/share/qt/mkspecs/darwin-g++/qmake.conf
/usr/share/qt/mkspecs/darwin-g++/qplatformdefs.h
/usr/share/qt/mkspecs/default
/usr/share/qt/mkspecs/dgux-g++/qmake.conf
/usr/share/qt/mkspecs/dgux-g++/qplatformdefs.h
/usr/share/qt/mkspecs/freebsd-g++/qmake.conf
/usr/share/qt/mkspecs/freebsd-g++/qplatformdefs.h
/usr/share/qt/mkspecs/hpux-acc-64/qmake.conf
/usr/share/qt/mkspecs/hpux-acc-64/qplatformdefs.h
/usr/share/qt/mkspecs/hpux-acc-o64/qmake.conf
/usr/share/qt/mkspecs/hpux-acc-o64/qplatformdefs.h
/usr/share/qt/mkspecs/hpux-acc/qmake.conf
/usr/share/qt/mkspecs/hpux-acc/qplatformdefs.h
/usr/share/qt/mkspecs/hpux-cc/qmake.conf
/usr/share/qt/mkspecs/hpux-cc/qplatformdefs.h
/usr/share/qt/mkspecs/hpux-g++-64/qmake.conf
/usr/share/qt/mkspecs/hpux-g++-64/qplatformdefs.h
/usr/share/qt/mkspecs/hpux-g++/qmake.conf
/usr/share/qt/mkspecs/hpux-g++/qplatformdefs.h
/usr/share/qt/mkspecs/hurd-g++/qmake.conf
/usr/share/qt/mkspecs/hurd-g++/qplatformdefs.h
/usr/share/qt/mkspecs/irix-cc-64/qmake.conf
/usr/share/qt/mkspecs/irix-cc-64/qplatformdefs.h
/usr/share/qt/mkspecs/irix-cc-o32/qmake.conf
/usr/share/qt/mkspecs/irix-cc-o32/qplatformdefs.h
/usr/share/qt/mkspecs/irix-cc/qmake.conf
/usr/share/qt/mkspecs/irix-cc/qplatformdefs.h
/usr/share/qt/mkspecs/irix-g++/qmake.conf
/usr/share/qt/mkspecs/irix-g++/qplatformdefs.h
/usr/share/qt/mkspecs/linux-cxx/qmake.conf
/usr/share/qt/mkspecs/linux-cxx/qplatformdefs.h
/usr/share/qt/mkspecs/linux-g++/qmake.conf
/usr/share/qt/mkspecs/linux-g++/qplatformdefs.h
/usr/share/qt/mkspecs/linux-icc/qmake.conf
/usr/share/qt/mkspecs/linux-icc/qplatformdefs.h
/usr/share/qt/mkspecs/linux-kcc/qmake.conf
/usr/share/qt/mkspecs/linux-kcc/qplatformdefs.h
/usr/share/qt/mkspecs/linux-pgcc/qmake.conf
/usr/share/qt/mkspecs/linux-pgcc/qplatformdefs.h
/usr/share/qt/mkspecs/lynxos-g++/qmake.conf
/usr/share/qt/mkspecs/lynxos-g++/qplatformdefs.h
/usr/share/qt/mkspecs/mac9-mwerks/mwerksapp.xml
/usr/share/qt/mkspecs/mac9-mwerks/mwerkslib.xml
/usr/share/qt/mkspecs/mac9-mwerks/qmake.conf
/usr/share/qt/mkspecs/mac9-mwerks/qplatformdefs.h
/usr/share/qt/mkspecs/macx-g++/Info.plist.app
/usr/share/qt/mkspecs/macx-g++/qmake.conf
/usr/share/qt/mkspecs/macx-g++/qplatformdefs.h
/usr/share/qt/mkspecs/macx-mwerks/mwerkstmpl.xml
/usr/share/qt/mkspecs/macx-mwerks/qmake.conf
/usr/share/qt/mkspecs/macx-mwerks/qplatformdefs.h
/usr/share/qt/mkspecs/macx-pbuilder/Info.plist.app
/usr/share/qt/mkspecs/macx-pbuilder/qmake.conf
/usr/share/qt/mkspecs/macx-pbuilder/qplatformdefs.h
/usr/share/qt/mkspecs/netbsd-g++/qmake.conf
/usr/share/qt/mkspecs/netbsd-g++/qplatformdefs.h
/usr/share/qt/mkspecs/openbsd-g++/qmake.conf
/usr/share/qt/mkspecs/openbsd-g++/qplatformdefs.h
/usr/share/qt/mkspecs/qnx-g++/qmake.conf
/usr/share/qt/mkspecs/qnx-g++/qplatformdefs.h
/usr/share/qt/mkspecs/reliant-cds-64/qmake.conf
/usr/share/qt/mkspecs/reliant-cds-64/qplatformdefs.h
/usr/share/qt/mkspecs/reliant-cds/qmake.conf
/usr/share/qt/mkspecs/reliant-cds/qplatformdefs.h
/usr/share/qt/mkspecs/sco-cc/qmake.conf
/usr/share/qt/mkspecs/sco-cc/qplatformdefs.h
/usr/share/qt/mkspecs/sco-g++/qmake.conf
/usr/share/qt/mkspecs/sco-g++/qplatformdefs.h
/usr/share/qt/mkspecs/solaris-cc-64/qmake.conf
/usr/share/qt/mkspecs/solaris-cc-64/qplatformdefs.h
/usr/share/qt/mkspecs/solaris-cc/qmake.conf
/usr/share/qt/mkspecs/solaris-cc/qplatformdefs.h
/usr/share/qt/mkspecs/solaris-g++-64/qmake.conf
/usr/share/qt/mkspecs/solaris-g++-64/qplatformdefs.h
/usr/share/qt/mkspecs/solaris-g++/qmake.conf
/usr/share/qt/mkspecs/solaris-g++/qplatformdefs.h
/usr/share/qt/mkspecs/solaris-kcc/qmake.conf
/usr/share/qt/mkspecs/solaris-kcc/qplatformdefs.h
/usr/share/qt/mkspecs/tru64-cxx/qmake.conf
/usr/share/qt/mkspecs/tru64-cxx/qplatformdefs.h
/usr/share/qt/mkspecs/tru64-g++/qmake.conf
/usr/share/qt/mkspecs/tru64-g++/qplatformdefs.h
/usr/share/qt/mkspecs/unixware-cc/qmake.conf
/usr/share/qt/mkspecs/unixware-cc/qplatformdefs.h
/usr/share/qt/mkspecs/unixware-g++/qmake.conf
/usr/share/qt/mkspecs/unixware-g++/qplatformdefs.h
/usr/share/qt/mkspecs/win32-borland/qmake.conf
/usr/share/qt/mkspecs/win32-borland/qplatformdefs.h
/usr/share/qt/mkspecs/win32-g++/qmake.conf
/usr/share/qt/mkspecs/win32-g++/qplatformdefs.h
/usr/share/qt/mkspecs/win32-icc/qmake.conf
/usr/share/qt/mkspecs/win32-icc/qplatformdefs.h
/usr/share/qt/mkspecs/win32-icc/win32app.dsp
/usr/share/qt/mkspecs/win32-icc/win32dll.dsp
/usr/share/qt/mkspecs/win32-icc/win32lib.dsp
/usr/share/qt/mkspecs/win32-msvc.net
/usr/share/qt/mkspecs/win32-msvc.net/qmake.conf
/usr/share/qt/mkspecs/win32-msvc.net/qplatformdefs.h
/usr/share/qt/mkspecs/win32-msvc/qmake.conf
/usr/share/qt/mkspecs/win32-msvc/qplatformdefs.h
/usr/share/qt/mkspecs/win32-msvc/win32app.dsp
/usr/share/qt/mkspecs/win32-msvc/win32dll.dsp
/usr/share/qt/mkspecs/win32-msvc/win32lib.dsp
/usr/share/qt/mkspecs/win32-watcom/qmake.conf
/usr/share/qt/phrasebooks/danish.qph
/usr/share/qt/phrasebooks/dutch.qph
/usr/share/qt/phrasebooks/finnish.qph
/usr/share/qt/phrasebooks/french.qph
/usr/share/qt/phrasebooks/german.qph
/usr/share/qt/phrasebooks/italian.qph
/usr/share/qt/phrasebooks/norwegian.qph
/usr/share/qt/phrasebooks/spanish.qph
/usr/share/qt/phrasebooks/swedish.qph
/usr/share/qt/templates/Configuration_Dialog.ui
/usr/share/qt/templates/Dialog_with_Buttons_(Bottom).ui
/usr/share/qt/templates/Dialog_with_Buttons_(Right).ui
/usr/share/qt/templates/Tab_Dialog.ui
